#
# There is insufficient memory for the Java Runtime Environment to continue.
# Native memory allocation (malloc) failed to allocate 32744 bytes. Error detail: Chunk::new
# Possible reasons:
#   The system is out of physical RAM or swap space
#   This process is running with CompressedOops enabled, and the Java Heap may be blocking the growth of the native heap
# Possible solutions:
#   Reduce memory load on the system
#   Increase physical memory or swap space
#   Check if swap backing store is full
#   Decrease Java heap size (-Xmx/-Xms)
#   Decrease number of Java threads
#   Decrease Java thread stack sizes (-Xss)
#   Set larger code cache with -XX:ReservedCodeCacheSize=
#   JVM is running with Unscaled Compressed Oops mode in which the Java heap is
#     placed in the first 4GB address space. The Java Heap base address is the
#     maximum limit for the native heap growth. Please use -XX:HeapBaseMinAddress
#     to set the Java Heap base and to place the Java Heap above 4GB virtual address.
# This output file may be truncated or incomplete.
#
#  Out of Memory Error (arena.cpp:168), pid=42040, tid=49816
#
# JRE version: OpenJDK Runtime Environment (21.0.7) (build 21.0.7+-13880790-b1038.58)
# Java VM: OpenJDK 64-Bit Server VM (21.0.7+-13880790-b1038.58, mixed mode, tiered, compressed oops, compressed class ptrs, g1 gc, windows-amd64)
# No core dump will be written. Minidumps are not enabled by default on client versions of Windows
#

---------------  S U M M A R Y ------------

Command Line: -Dorg.gradle.appname=gradlew org.gradle.wrapper.GradleWrapperMain -q -Ptarget-platform=android-arm64 -Ptarget=D:\my_fyp_project\lib\main.dart -Pbase-application-name=android.app.Application -Pdart-defines=Zmx1dHRlci5pbnNwZWN0b3Iuc3RydWN0dXJlZEVycm9ycz10cnVl,RkxVVFRFUl9WRVJTSU9OPTMuMzUuMw==,RkxVVFRFUl9DSEFOTkVMPXN0YWJsZQ==,RkxVVFRFUl9HSVRfVVJMPWh0dHBzOi8vZ2l0aHViLmNvbS9mbHV0dGVyL2ZsdXR0ZXIuZ2l0,RkxVVFRFUl9GUkFNRVdPUktfUkVWSVNJT049YTQwMmQ5YTQzNw==,RkxVVFRFUl9FTkdJTkVfUkVWSVNJT049ZGRmNDdkZDNmZg==,RkxVVFRFUl9EQVJUX1ZFUlNJT049My45LjI= -Pdart-obfuscation=false -Ptrack-widget-creation=true -Ptree-shake-icons=false -Pfilesystem-scheme=org-dartlang-root assembleDebug

Host: 12th Gen Intel(R) Core(TM) i5-1235U, 12 cores, 7G,  Windows 10 , 64 bit Build 19041 (10.0.19041.5915)
Time: Sat Apr 25 09:13:36 2026 Pakistan Standard Time elapsed time: 15.727696 seconds (0d 0h 0m 15s)

---------------  T H R E A D  ---------------

Current thread (0x000002a604086450):  JavaThread "C1 CompilerThread0" daemon [_thread_in_native, id=49816, stack(0x000000fae2900000,0x000000fae2a00000) (1024K)]


Current CompileTask:
C1:15727 1781       3       sun.security.provider.ByteArrayAccess::b2iBig64 (231 bytes)

Stack: [0x000000fae2900000,0x000000fae2a00000]
Native frames: (J=compiled Java code, j=interpreted, Vv=VM code, C=native code)
V  [jvm.dll+0x6d25c9]
V  [jvm.dll+0x860923]
V  [jvm.dll+0x862e7e]
V  [jvm.dll+0x863563]
V  [jvm.dll+0x27f156]
V  [jvm.dll+0xc002d]
V  [jvm.dll+0xc0563]
V  [jvm.dll+0x194d75]
V  [jvm.dll+0x194ce3]
V  [jvm.dll+0x196a19]
V  [jvm.dll+0x1969a4]
V  [jvm.dll+0x195624]
V  [jvm.dll+0x1958fa]
V  [jvm.dll+0x198052]
V  [jvm.dll+0x1504e3]
V  [jvm.dll+0x14fd88]
V  [jvm.dll+0x14ffc6]
V  [jvm.dll+0x14f33f]
V  [jvm.dll+0x151161]
V  [jvm.dll+0x256bac]
V  [jvm.dll+0x2550f6]
V  [jvm.dll+0x3f1d16]
V  [jvm.dll+0x808d08]
V  [jvm.dll+0x6d0e1d]
C  [ucrtbase.dll+0x21bb2]
C  [KERNEL32.DLL+0x17374]
C  [ntdll.dll+0x4cc91]


---------------  P R O C E S S  ---------------

Threads class SMR info:
_java_thread_list=0x000002a604225550, length=14, elements={
0x000002a6620b2770, 0x000002a6040524b0, 0x000002a604066570, 0x000002a604066fd0,
0x000002a60407fca0, 0x000002a604080d10, 0x000002a604081770, 0x000002a6040821d0,
0x000002a6040875d0, 0x000002a604086450, 0x000002a604243980, 0x000002a604ead6e0,
0x000002a6051c1de0, 0x000002a60518ae90
}

Java Threads: ( => current thread )
  0x000002a6620b2770 JavaThread "main"                              [_thread_blocked, id=46184, stack(0x000000fae1900000,0x000000fae1a00000) (1024K)]
  0x000002a6040524b0 JavaThread "Common-Cleaner"             daemon [_thread_blocked, id=27392, stack(0x000000fae2100000,0x000000fae2200000) (1024K)]
  0x000002a604066570 JavaThread "Reference Handler"          daemon [_thread_blocked, id=1924, stack(0x000000fae2200000,0x000000fae2300000) (1024K)]
  0x000002a604066fd0 JavaThread "Finalizer"                  daemon [_thread_blocked, id=41152, stack(0x000000fae2300000,0x000000fae2400000) (1024K)]
  0x000002a60407fca0 JavaThread "Signal Dispatcher"          daemon [_thread_blocked, id=49672, stack(0x000000fae2400000,0x000000fae2500000) (1024K)]
  0x000002a604080d10 JavaThread "Attach Listener"            daemon [_thread_blocked, id=46764, stack(0x000000fae2500000,0x000000fae2600000) (1024K)]
  0x000002a604081770 JavaThread "Service Thread"             daemon [_thread_blocked, id=48300, stack(0x000000fae2600000,0x000000fae2700000) (1024K)]
  0x000002a6040821d0 JavaThread "Monitor Deflation Thread"   daemon [_thread_blocked, id=44688, stack(0x000000fae2700000,0x000000fae2800000) (1024K)]
  0x000002a6040875d0 JavaThread "C2 CompilerThread0"         daemon [_thread_blocked, id=49064, stack(0x000000fae2800000,0x000000fae2900000) (1024K)]
=>0x000002a604086450 JavaThread "C1 CompilerThread0"         daemon [_thread_in_native, id=49816, stack(0x000000fae2900000,0x000000fae2a00000) (1024K)]
  0x000002a604243980 JavaThread "Notification Thread"        daemon [_thread_blocked, id=33768, stack(0x000000fae2a00000,0x000000fae2b00000) (1024K)]
  0x000002a604ead6e0 JavaThread "Exec process"                      [_thread_blocked, id=51008, stack(0x000000fae2f00000,0x000000fae3000000) (1024K)]
  0x000002a6051c1de0 JavaThread "Exec process Thread 2"             [_thread_blocked, id=50832, stack(0x000000fae3000000,0x000000fae3100000) (1024K)]
  0x000002a60518ae90 JavaThread "Exec process Thread 3"             [_thread_blocked, id=48584, stack(0x000000fae3100000,0x000000fae3200000) (1024K)]
Total: 14

Other Threads:
  0x000002a67bdae180 VMThread "VM Thread"                           [id=44696, stack(0x000000fae2000000,0x000000fae2100000) (1024K)]
  0x000002a67bd1f1f0 WatcherThread "VM Periodic Task Thread"        [id=51052, stack(0x000000fae1f00000,0x000000fae2000000) (1024K)]
  0x000002a664407ae0 WorkerThread "GC Thread#0"                     [id=48844, stack(0x000000fae1a00000,0x000000fae1b00000) (1024K)]
  0x000002a604537bb0 WorkerThread "GC Thread#1"                     [id=49020, stack(0x000000fae2b00000,0x000000fae2c00000) (1024K)]
  0x000002a6048912b0 WorkerThread "GC Thread#2"                     [id=49300, stack(0x000000fae2c00000,0x000000fae2d00000) (1024K)]
  0x000002a6049e8990 WorkerThread "GC Thread#3"                     [id=50360, stack(0x000000fae2d00000,0x000000fae2e00000) (1024K)]
  0x000002a605165120 WorkerThread "GC Thread#4"                     [id=4316, stack(0x000000fae3300000,0x000000fae3400000) (1024K)]
  0x000002a6051649e0 WorkerThread "GC Thread#5"                     [id=51024, stack(0x000000fae3500000,0x000000fae3600000) (1024K)]
  0x000002a605163b60 WorkerThread "GC Thread#6"                     [id=49768, stack(0x000000fae3600000,0x000000fae3700000) (1024K)]
  0x000002a605164d80 WorkerThread "GC Thread#7"                     [id=48132, stack(0x000000fae3700000,0x000000fae3800000) (1024K)]
  0x000002a605164640 WorkerThread "GC Thread#8"                     [id=49472, stack(0x000000fae3800000,0x000000fae3900000) (1024K)]
  0x000002a6051642a0 WorkerThread "GC Thread#9"                     [id=46472, stack(0x000000fae3900000,0x000000fae3a00000) (1024K)]
  0x000002a664418ad0 ConcurrentGCThread "G1 Main Marker"            [id=7968, stack(0x000000fae1b00000,0x000000fae1c00000) (1024K)]
  0x000002a6644194e0 WorkerThread "G1 Conc#0"                       [id=44492, stack(0x000000fae1c00000,0x000000fae1d00000) (1024K)]
  0x000002a67bbf2570 ConcurrentGCThread "G1 Refine#0"               [id=46412, stack(0x000000fae1d00000,0x000000fae1e00000) (1024K)]
  0x000002a67bbf2ef0 ConcurrentGCThread "G1 Service"                [id=44716, stack(0x000000fae1e00000,0x000000fae1f00000) (1024K)]
Total: 16

Threads with active compile tasks:
C1 CompilerThread0  15747 1781       3       sun.security.provider.ByteArrayAccess::b2iBig64 (231 bytes)
Total: 1

VM state: not at safepoint (normal execution)

VM Mutex/Monitor currently owned by a thread: None

Heap address: 0x0000000084400000, size: 1980 MB, Compressed Oops mode: 32-bit

CDS archive(s) not mapped
Compressed class space mapped at: 0x0000000100000000-0x0000000140000000, reserved size: 1073741824
Narrow klass base: 0x0000000000000000, Narrow klass shift: 3, Narrow klass range: 0x140000000

GC Precious Log:
 CardTable entry size: 512
 Card Set container configuration: InlinePtr #cards 5 size 8 Array Of Cards #cards 12 size 40 Howl #buckets 4 coarsen threshold 1843 Howl Bitmap #cards 512 size 80 coarsen threshold 460 Card regions per heap region 1 cards per card region 2048
 CPUs: 12 total, 12 available
 Memory: 7916M
 Large Page Support: Disabled
 NUMA Support: Disabled
 Compressed Oops: Enabled (32-bit)
 Heap Region Size: 1M
 Heap Min Capacity: 8M
 Heap Initial Capacity: 124M
 Heap Max Capacity: 1980M
 Pre-touch: Disabled
 Parallel Workers: 10
 Concurrent Workers: 3
 Concurrent Refinement Workers: 10
 Periodic GC: Disabled

Heap:
 garbage-first heap   total 126976K, used 16777K [0x0000000084400000, 0x0000000100000000)
  region size 1024K, 11 young (11264K), 5 survivors (5120K)
 Metaspace       used 20266K, committed 20544K, reserved 1114112K
  class space    used 2372K, committed 2496K, reserved 1048576K

Heap Regions: E=young(eden), S=young(survivor), O=old, HS=humongous(starts), HC=humongous(continues), CS=collection set, F=free, TAMS=top-at-mark-start, PB=parsable bottom
|   0|0x0000000084400000, 0x0000000084500000, 0x0000000084500000|100%| O|  |TAMS 0x0000000084400000| PB 0x0000000084400000| Untracked 
|   1|0x0000000084500000, 0x0000000084600000, 0x0000000084600000|100%|HS|  |TAMS 0x0000000084500000| PB 0x0000000084500000| Complete 
|   2|0x0000000084600000, 0x0000000084700000, 0x0000000084700000|100%|HC|  |TAMS 0x0000000084600000| PB 0x0000000084600000| Complete 
|   3|0x0000000084700000, 0x0000000084800000, 0x0000000084800000|100%|HC|  |TAMS 0x0000000084700000| PB 0x0000000084700000| Complete 
|   4|0x0000000084800000, 0x0000000084900000, 0x0000000084900000|100%| O|  |TAMS 0x0000000084800000| PB 0x0000000084800000| Untracked 
|   5|0x0000000084900000, 0x0000000084a00000, 0x0000000084a00000|100%| O|  |TAMS 0x0000000084900000| PB 0x0000000084900000| Untracked 
|   6|0x0000000084a00000, 0x0000000084a626d0, 0x0000000084b00000| 38%| O|  |TAMS 0x0000000084a00000| PB 0x0000000084a00000| Untracked 
|   7|0x0000000084b00000, 0x0000000084b00000, 0x0000000084c00000|  0%| F|  |TAMS 0x0000000084b00000| PB 0x0000000084b00000| Untracked 
|   8|0x0000000084c00000, 0x0000000084c00000, 0x0000000084d00000|  0%| F|  |TAMS 0x0000000084c00000| PB 0x0000000084c00000| Untracked 
|   9|0x0000000084d00000, 0x0000000084d00000, 0x0000000084e00000|  0%| F|  |TAMS 0x0000000084d00000| PB 0x0000000084d00000| Untracked 
|  10|0x0000000084e00000, 0x0000000084e00000, 0x0000000084f00000|  0%| F|  |TAMS 0x0000000084e00000| PB 0x0000000084e00000| Untracked 
|  11|0x0000000084f00000, 0x0000000084f00000, 0x0000000085000000|  0%| F|  |TAMS 0x0000000084f00000| PB 0x0000000084f00000| Untracked 
|  12|0x0000000085000000, 0x0000000085000000, 0x0000000085100000|  0%| F|  |TAMS 0x0000000085000000| PB 0x0000000085000000| Untracked 
|  13|0x0000000085100000, 0x0000000085100000, 0x0000000085200000|  0%| F|  |TAMS 0x0000000085100000| PB 0x0000000085100000| Untracked 
|  14|0x0000000085200000, 0x0000000085200000, 0x0000000085300000|  0%| F|  |TAMS 0x0000000085200000| PB 0x0000000085200000| Untracked 
|  15|0x0000000085300000, 0x0000000085300000, 0x0000000085400000|  0%| F|  |TAMS 0x0000000085300000| PB 0x0000000085300000| Untracked 
|  16|0x0000000085400000, 0x0000000085400000, 0x0000000085500000|  0%| F|  |TAMS 0x0000000085400000| PB 0x0000000085400000| Untracked 
|  17|0x0000000085500000, 0x0000000085500000, 0x0000000085600000|  0%| F|  |TAMS 0x0000000085500000| PB 0x0000000085500000| Untracked 
|  18|0x0000000085600000, 0x0000000085600000, 0x0000000085700000|  0%| F|  |TAMS 0x0000000085600000| PB 0x0000000085600000| Untracked 
|  19|0x0000000085700000, 0x0000000085700000, 0x0000000085800000|  0%| F|  |TAMS 0x0000000085700000| PB 0x0000000085700000| Untracked 
|  20|0x0000000085800000, 0x0000000085800000, 0x0000000085900000|  0%| F|  |TAMS 0x0000000085800000| PB 0x0000000085800000| Untracked 
|  21|0x0000000085900000, 0x0000000085900000, 0x0000000085a00000|  0%| F|  |TAMS 0x0000000085900000| PB 0x0000000085900000| Untracked 
|  22|0x0000000085a00000, 0x0000000085a00000, 0x0000000085b00000|  0%| F|  |TAMS 0x0000000085a00000| PB 0x0000000085a00000| Untracked 
|  23|0x0000000085b00000, 0x0000000085b00000, 0x0000000085c00000|  0%| F|  |TAMS 0x0000000085b00000| PB 0x0000000085b00000| Untracked 
|  24|0x0000000085c00000, 0x0000000085c00000, 0x0000000085d00000|  0%| F|  |TAMS 0x0000000085c00000| PB 0x0000000085c00000| Untracked 
|  25|0x0000000085d00000, 0x0000000085d00000, 0x0000000085e00000|  0%| F|  |TAMS 0x0000000085d00000| PB 0x0000000085d00000| Untracked 
|  26|0x0000000085e00000, 0x0000000085e00000, 0x0000000085f00000|  0%| F|  |TAMS 0x0000000085e00000| PB 0x0000000085e00000| Untracked 
|  27|0x0000000085f00000, 0x0000000085f00000, 0x0000000086000000|  0%| F|  |TAMS 0x0000000085f00000| PB 0x0000000085f00000| Untracked 
|  28|0x0000000086000000, 0x0000000086000000, 0x0000000086100000|  0%| F|  |TAMS 0x0000000086000000| PB 0x0000000086000000| Untracked 
|  29|0x0000000086100000, 0x0000000086100000, 0x0000000086200000|  0%| F|  |TAMS 0x0000000086100000| PB 0x0000000086100000| Untracked 
|  30|0x0000000086200000, 0x0000000086200000, 0x0000000086300000|  0%| F|  |TAMS 0x0000000086200000| PB 0x0000000086200000| Untracked 
|  31|0x0000000086300000, 0x0000000086300000, 0x0000000086400000|  0%| F|  |TAMS 0x0000000086300000| PB 0x0000000086300000| Untracked 
|  32|0x0000000086400000, 0x0000000086400000, 0x0000000086500000|  0%| F|  |TAMS 0x0000000086400000| PB 0x0000000086400000| Untracked 
|  33|0x0000000086500000, 0x0000000086500000, 0x0000000086600000|  0%| F|  |TAMS 0x0000000086500000| PB 0x0000000086500000| Untracked 
|  34|0x0000000086600000, 0x0000000086600000, 0x0000000086700000|  0%| F|  |TAMS 0x0000000086600000| PB 0x0000000086600000| Untracked 
|  35|0x0000000086700000, 0x0000000086700000, 0x0000000086800000|  0%| F|  |TAMS 0x0000000086700000| PB 0x0000000086700000| Untracked 
|  36|0x0000000086800000, 0x0000000086800000, 0x0000000086900000|  0%| F|  |TAMS 0x0000000086800000| PB 0x0000000086800000| Untracked 
|  37|0x0000000086900000, 0x0000000086900000, 0x0000000086a00000|  0%| F|  |TAMS 0x0000000086900000| PB 0x0000000086900000| Untracked 
|  38|0x0000000086a00000, 0x0000000086a00000, 0x0000000086b00000|  0%| F|  |TAMS 0x0000000086a00000| PB 0x0000000086a00000| Untracked 
|  39|0x0000000086b00000, 0x0000000086b00000, 0x0000000086c00000|  0%| F|  |TAMS 0x0000000086b00000| PB 0x0000000086b00000| Untracked 
|  40|0x0000000086c00000, 0x0000000086c00000, 0x0000000086d00000|  0%| F|  |TAMS 0x0000000086c00000| PB 0x0000000086c00000| Untracked 
|  41|0x0000000086d00000, 0x0000000086d00000, 0x0000000086e00000|  0%| F|  |TAMS 0x0000000086d00000| PB 0x0000000086d00000| Untracked 
|  42|0x0000000086e00000, 0x0000000086e00000, 0x0000000086f00000|  0%| F|  |TAMS 0x0000000086e00000| PB 0x0000000086e00000| Untracked 
|  43|0x0000000086f00000, 0x0000000086f00000, 0x0000000087000000|  0%| F|  |TAMS 0x0000000086f00000| PB 0x0000000086f00000| Untracked 
|  44|0x0000000087000000, 0x0000000087000000, 0x0000000087100000|  0%| F|  |TAMS 0x0000000087000000| PB 0x0000000087000000| Untracked 
|  45|0x0000000087100000, 0x0000000087100000, 0x0000000087200000|  0%| F|  |TAMS 0x0000000087100000| PB 0x0000000087100000| Untracked 
|  46|0x0000000087200000, 0x0000000087200000, 0x0000000087300000|  0%| F|  |TAMS 0x0000000087200000| PB 0x0000000087200000| Untracked 
|  47|0x0000000087300000, 0x0000000087300000, 0x0000000087400000|  0%| F|  |TAMS 0x0000000087300000| PB 0x0000000087300000| Untracked 
|  48|0x0000000087400000, 0x0000000087400000, 0x0000000087500000|  0%| F|  |TAMS 0x0000000087400000| PB 0x0000000087400000| Untracked 
|  49|0x0000000087500000, 0x0000000087500000, 0x0000000087600000|  0%| F|  |TAMS 0x0000000087500000| PB 0x0000000087500000| Untracked 
|  50|0x0000000087600000, 0x0000000087600000, 0x0000000087700000|  0%| F|  |TAMS 0x0000000087600000| PB 0x0000000087600000| Untracked 
|  51|0x0000000087700000, 0x0000000087700000, 0x0000000087800000|  0%| F|  |TAMS 0x0000000087700000| PB 0x0000000087700000| Untracked 
|  52|0x0000000087800000, 0x0000000087800000, 0x0000000087900000|  0%| F|  |TAMS 0x0000000087800000| PB 0x0000000087800000| Untracked 
|  53|0x0000000087900000, 0x0000000087900000, 0x0000000087a00000|  0%| F|  |TAMS 0x0000000087900000| PB 0x0000000087900000| Untracked 
|  54|0x0000000087a00000, 0x0000000087a00000, 0x0000000087b00000|  0%| F|  |TAMS 0x0000000087a00000| PB 0x0000000087a00000| Untracked 
|  55|0x0000000087b00000, 0x0000000087b00000, 0x0000000087c00000|  0%| F|  |TAMS 0x0000000087b00000| PB 0x0000000087b00000| Untracked 
|  56|0x0000000087c00000, 0x0000000087c00000, 0x0000000087d00000|  0%| F|  |TAMS 0x0000000087c00000| PB 0x0000000087c00000| Untracked 
|  57|0x0000000087d00000, 0x0000000087d00000, 0x0000000087e00000|  0%| F|  |TAMS 0x0000000087d00000| PB 0x0000000087d00000| Untracked 
|  58|0x0000000087e00000, 0x0000000087e00000, 0x0000000087f00000|  0%| F|  |TAMS 0x0000000087e00000| PB 0x0000000087e00000| Untracked 
|  59|0x0000000087f00000, 0x0000000087f00000, 0x0000000088000000|  0%| F|  |TAMS 0x0000000087f00000| PB 0x0000000087f00000| Untracked 
|  60|0x0000000088000000, 0x0000000088000000, 0x0000000088100000|  0%| F|  |TAMS 0x0000000088000000| PB 0x0000000088000000| Untracked 
|  61|0x0000000088100000, 0x0000000088100000, 0x0000000088200000|  0%| F|  |TAMS 0x0000000088100000| PB 0x0000000088100000| Untracked 
|  62|0x0000000088200000, 0x0000000088200000, 0x0000000088300000|  0%| F|  |TAMS 0x0000000088200000| PB 0x0000000088200000| Untracked 
|  63|0x0000000088300000, 0x0000000088300000, 0x0000000088400000|  0%| F|  |TAMS 0x0000000088300000| PB 0x0000000088300000| Untracked 
|  64|0x0000000088400000, 0x0000000088400000, 0x0000000088500000|  0%| F|  |TAMS 0x0000000088400000| PB 0x0000000088400000| Untracked 
|  65|0x0000000088500000, 0x0000000088500000, 0x0000000088600000|  0%| F|  |TAMS 0x0000000088500000| PB 0x0000000088500000| Untracked 
|  66|0x0000000088600000, 0x0000000088600000, 0x0000000088700000|  0%| F|  |TAMS 0x0000000088600000| PB 0x0000000088600000| Untracked 
|  67|0x0000000088700000, 0x0000000088700000, 0x0000000088800000|  0%| F|  |TAMS 0x0000000088700000| PB 0x0000000088700000| Untracked 
|  68|0x0000000088800000, 0x0000000088800000, 0x0000000088900000|  0%| F|  |TAMS 0x0000000088800000| PB 0x0000000088800000| Untracked 
|  69|0x0000000088900000, 0x0000000088900000, 0x0000000088a00000|  0%| F|  |TAMS 0x0000000088900000| PB 0x0000000088900000| Untracked 
|  70|0x0000000088a00000, 0x0000000088a00000, 0x0000000088b00000|  0%| F|  |TAMS 0x0000000088a00000| PB 0x0000000088a00000| Untracked 
|  71|0x0000000088b00000, 0x0000000088b00000, 0x0000000088c00000|  0%| F|  |TAMS 0x0000000088b00000| PB 0x0000000088b00000| Untracked 
|  72|0x0000000088c00000, 0x0000000088c00000, 0x0000000088d00000|  0%| F|  |TAMS 0x0000000088c00000| PB 0x0000000088c00000| Untracked 
|  73|0x0000000088d00000, 0x0000000088d00000, 0x0000000088e00000|  0%| F|  |TAMS 0x0000000088d00000| PB 0x0000000088d00000| Untracked 
|  74|0x0000000088e00000, 0x0000000088e00000, 0x0000000088f00000|  0%| F|  |TAMS 0x0000000088e00000| PB 0x0000000088e00000| Untracked 
|  75|0x0000000088f00000, 0x0000000088f00000, 0x0000000089000000|  0%| F|  |TAMS 0x0000000088f00000| PB 0x0000000088f00000| Untracked 
|  76|0x0000000089000000, 0x0000000089000000, 0x0000000089100000|  0%| F|  |TAMS 0x0000000089000000| PB 0x0000000089000000| Untracked 
|  77|0x0000000089100000, 0x0000000089100000, 0x0000000089200000|  0%| F|  |TAMS 0x0000000089100000| PB 0x0000000089100000| Untracked 
|  78|0x0000000089200000, 0x0000000089200000, 0x0000000089300000|  0%| F|  |TAMS 0x0000000089200000| PB 0x0000000089200000| Untracked 
|  79|0x0000000089300000, 0x0000000089300000, 0x0000000089400000|  0%| F|  |TAMS 0x0000000089300000| PB 0x0000000089300000| Untracked 
|  80|0x0000000089400000, 0x0000000089400000, 0x0000000089500000|  0%| F|  |TAMS 0x0000000089400000| PB 0x0000000089400000| Untracked 
|  81|0x0000000089500000, 0x0000000089500000, 0x0000000089600000|  0%| F|  |TAMS 0x0000000089500000| PB 0x0000000089500000| Untracked 
|  82|0x0000000089600000, 0x0000000089700000, 0x0000000089700000|100%| S|CS|TAMS 0x0000000089600000| PB 0x0000000089600000| Complete 
|  83|0x0000000089700000, 0x0000000089800000, 0x0000000089800000|100%| S|CS|TAMS 0x0000000089700000| PB 0x0000000089700000| Complete 
|  84|0x0000000089800000, 0x0000000089900000, 0x0000000089900000|100%| S|CS|TAMS 0x0000000089800000| PB 0x0000000089800000| Complete 
|  85|0x0000000089900000, 0x0000000089a00000, 0x0000000089a00000|100%| S|CS|TAMS 0x0000000089900000| PB 0x0000000089900000| Complete 
|  86|0x0000000089a00000, 0x0000000089b00000, 0x0000000089b00000|100%| S|CS|TAMS 0x0000000089a00000| PB 0x0000000089a00000| Complete 
|  87|0x0000000089b00000, 0x0000000089b00000, 0x0000000089c00000|  0%| F|  |TAMS 0x0000000089b00000| PB 0x0000000089b00000| Untracked 
|  88|0x0000000089c00000, 0x0000000089c00000, 0x0000000089d00000|  0%| F|  |TAMS 0x0000000089c00000| PB 0x0000000089c00000| Untracked 
|  89|0x0000000089d00000, 0x0000000089d00000, 0x0000000089e00000|  0%| F|  |TAMS 0x0000000089d00000| PB 0x0000000089d00000| Untracked 
|  90|0x0000000089e00000, 0x0000000089e00000, 0x0000000089f00000|  0%| F|  |TAMS 0x0000000089e00000| PB 0x0000000089e00000| Untracked 
|  91|0x0000000089f00000, 0x0000000089f00000, 0x000000008a000000|  0%| F|  |TAMS 0x0000000089f00000| PB 0x0000000089f00000| Untracked 
|  92|0x000000008a000000, 0x000000008a000000, 0x000000008a100000|  0%| F|  |TAMS 0x000000008a000000| PB 0x000000008a000000| Untracked 
|  93|0x000000008a100000, 0x000000008a100000, 0x000000008a200000|  0%| F|  |TAMS 0x000000008a100000| PB 0x000000008a100000| Untracked 
|  94|0x000000008a200000, 0x000000008a200000, 0x000000008a300000|  0%| F|  |TAMS 0x000000008a200000| PB 0x000000008a200000| Untracked 
|  95|0x000000008a300000, 0x000000008a300000, 0x000000008a400000|  0%| F|  |TAMS 0x000000008a300000| PB 0x000000008a300000| Untracked 
|  96|0x000000008a400000, 0x000000008a400000, 0x000000008a500000|  0%| F|  |TAMS 0x000000008a400000| PB 0x000000008a400000| Untracked 
|  97|0x000000008a500000, 0x000000008a500000, 0x000000008a600000|  0%| F|  |TAMS 0x000000008a500000| PB 0x000000008a500000| Untracked 
|  98|0x000000008a600000, 0x000000008a600000, 0x000000008a700000|  0%| F|  |TAMS 0x000000008a600000| PB 0x000000008a600000| Untracked 
|  99|0x000000008a700000, 0x000000008a700000, 0x000000008a800000|  0%| F|  |TAMS 0x000000008a700000| PB 0x000000008a700000| Untracked 
| 100|0x000000008a800000, 0x000000008a800000, 0x000000008a900000|  0%| F|  |TAMS 0x000000008a800000| PB 0x000000008a800000| Untracked 
| 101|0x000000008a900000, 0x000000008a900000, 0x000000008aa00000|  0%| F|  |TAMS 0x000000008a900000| PB 0x000000008a900000| Untracked 
| 102|0x000000008aa00000, 0x000000008aa00000, 0x000000008ab00000|  0%| F|  |TAMS 0x000000008aa00000| PB 0x000000008aa00000| Untracked 
| 103|0x000000008ab00000, 0x000000008ab00000, 0x000000008ac00000|  0%| F|  |TAMS 0x000000008ab00000| PB 0x000000008ab00000| Untracked 
| 104|0x000000008ac00000, 0x000000008ac00000, 0x000000008ad00000|  0%| F|  |TAMS 0x000000008ac00000| PB 0x000000008ac00000| Untracked 
| 105|0x000000008ad00000, 0x000000008ad00000, 0x000000008ae00000|  0%| F|  |TAMS 0x000000008ad00000| PB 0x000000008ad00000| Untracked 
| 106|0x000000008ae00000, 0x000000008ae00000, 0x000000008af00000|  0%| F|  |TAMS 0x000000008ae00000| PB 0x000000008ae00000| Untracked 
| 107|0x000000008af00000, 0x000000008af00000, 0x000000008b000000|  0%| F|  |TAMS 0x000000008af00000| PB 0x000000008af00000| Untracked 
| 108|0x000000008b000000, 0x000000008b000000, 0x000000008b100000|  0%| F|  |TAMS 0x000000008b000000| PB 0x000000008b000000| Untracked 
| 109|0x000000008b100000, 0x000000008b100000, 0x000000008b200000|  0%| F|  |TAMS 0x000000008b100000| PB 0x000000008b100000| Untracked 
| 110|0x000000008b200000, 0x000000008b200000, 0x000000008b300000|  0%| F|  |TAMS 0x000000008b200000| PB 0x000000008b200000| Untracked 
| 111|0x000000008b300000, 0x000000008b300000, 0x000000008b400000|  0%| F|  |TAMS 0x000000008b300000| PB 0x000000008b300000| Untracked 
| 112|0x000000008b400000, 0x000000008b400000, 0x000000008b500000|  0%| F|  |TAMS 0x000000008b400000| PB 0x000000008b400000| Untracked 
| 113|0x000000008b500000, 0x000000008b500000, 0x000000008b600000|  0%| F|  |TAMS 0x000000008b500000| PB 0x000000008b500000| Untracked 
| 114|0x000000008b600000, 0x000000008b600000, 0x000000008b700000|  0%| F|  |TAMS 0x000000008b600000| PB 0x000000008b600000| Untracked 
| 115|0x000000008b700000, 0x000000008b700000, 0x000000008b800000|  0%| F|  |TAMS 0x000000008b700000| PB 0x000000008b700000| Untracked 
| 116|0x000000008b800000, 0x000000008b800000, 0x000000008b900000|  0%| F|  |TAMS 0x000000008b800000| PB 0x000000008b800000| Untracked 
| 117|0x000000008b900000, 0x000000008b900000, 0x000000008ba00000|  0%| F|  |TAMS 0x000000008b900000| PB 0x000000008b900000| Untracked 
| 118|0x000000008ba00000, 0x000000008baaf1e0, 0x000000008bb00000| 68%| E|  |TAMS 0x000000008ba00000| PB 0x000000008ba00000| Complete 
| 119|0x000000008bb00000, 0x000000008bc00000, 0x000000008bc00000|100%| E|CS|TAMS 0x000000008bb00000| PB 0x000000008bb00000| Complete 
| 120|0x000000008bc00000, 0x000000008bd00000, 0x000000008bd00000|100%| E|CS|TAMS 0x000000008bc00000| PB 0x000000008bc00000| Complete 
| 121|0x000000008bd00000, 0x000000008be00000, 0x000000008be00000|100%| E|CS|TAMS 0x000000008bd00000| PB 0x000000008bd00000| Complete 
| 122|0x000000008be00000, 0x000000008bf00000, 0x000000008bf00000|100%| E|CS|TAMS 0x000000008be00000| PB 0x000000008be00000| Complete 
| 123|0x000000008bf00000, 0x000000008c000000, 0x000000008c000000|100%| E|CS|TAMS 0x000000008bf00000| PB 0x000000008bf00000| Complete 

Card table byte_map: [0x000002a676e40000,0x000002a677220000] _byte_map_base: 0x000002a676a1e000

Marking Bits: (CMBitMap*) 0x000002a6644080f0
 Bits: [0x000002a677220000, 0x000002a679110000)

Polling page: 0x000002a663b80000

Metaspace:

Usage:
  Non-class:     17.47 MB used.
      Class:      2.32 MB used.
       Both:     19.79 MB used.

Virtual space:
  Non-class space:       64.00 MB reserved,      17.62 MB ( 28%) committed,  1 nodes.
      Class space:        1.00 GB reserved,       2.44 MB ( <1%) committed,  1 nodes.
             Both:        1.06 GB reserved,      20.06 MB (  2%) committed. 

Chunk freelists:
   Non-Class:  14.00 MB
       Class:  13.58 MB
        Both:  27.58 MB

MaxMetaspaceSize: unlimited
CompressedClassSpaceSize: 1.00 GB
Initial GC threshold: 21.00 MB
Current GC threshold: 21.00 MB
CDS: off
 - commit_granule_bytes: 65536.
 - commit_granule_words: 8192.
 - virtual_space_node_default_size: 8388608.
 - enlarge_chunks_in_place: 1.
 - use_allocation_guard: 0.


Internal statistics:

num_allocs_failed_limit: 0.
num_arena_births: 302.
num_arena_deaths: 0.
num_vsnodes_births: 2.
num_vsnodes_deaths: 0.
num_space_committed: 321.
num_space_uncommitted: 0.
num_chunks_returned_to_freelist: 0.
num_chunks_taken_from_freelist: 661.
num_chunk_merges: 0.
num_chunk_splits: 418.
num_chunks_enlarged: 289.
num_inconsistent_stats: 0.

CodeHeap 'non-profiled nmethods': size=120000Kb used=770Kb max_used=770Kb free=119229Kb
 bounds [0x000002a66efe0000, 0x000002a66f250000, 0x000002a676510000]
CodeHeap 'profiled nmethods': size=120000Kb used=3241Kb max_used=3241Kb free=116758Kb
 bounds [0x000002a667510000, 0x000002a667840000, 0x000002a66ea40000]
CodeHeap 'non-nmethods': size=5760Kb used=1382Kb max_used=1395Kb free=4377Kb
 bounds [0x000002a66ea40000, 0x000002a66ecb0000, 0x000002a66efe0000]
 total_blobs=2283 nmethods=1783 adapters=405
 compilation: enabled
              stopped_count=0, restarted_count=0
 full_count=0

Compilation events (20 events):
Event: 15.718 Thread 0x000002a604086450 1774       3       java.security.AccessController::executePrivileged (65 bytes)
Event: 15.719 Thread 0x000002a604086450 nmethod 1774 0x000002a667837c90 code [0x000002a667837e60, 0x000002a667838158]
Event: 15.719 Thread 0x000002a604086450 1773       3       java.lang.invoke.LambdaFormEditor::bindArgumentL (59 bytes)
Event: 15.719 Thread 0x000002a604086450 nmethod 1773 0x000002a667838290 code [0x000002a667838460, 0x000002a667838718]
Event: 15.719 Thread 0x000002a604086450 1776       3       jdk.internal.misc.Unsafe::putIntUnaligned (14 bytes)
Event: 15.719 Thread 0x000002a6040875d0 nmethod 1766 0x000002a66f09ec90 code [0x000002a66f09ee40, 0x000002a66f09f030]
Event: 15.719 Thread 0x000002a6040875d0 1767       4       jdk.internal.reflect.ByteVectorImpl::add (38 bytes)
Event: 15.719 Thread 0x000002a604086450 nmethod 1776 0x000002a667838890 code [0x000002a667838a40, 0x000002a667838c80]
Event: 15.719 Thread 0x000002a604086450 1775       1       java.lang.reflect.Constructor::getDeclaringClass (5 bytes)
Event: 15.720 Thread 0x000002a604086450 nmethod 1775 0x000002a66f09f210 code [0x000002a66f09f3a0, 0x000002a66f09f468]
Event: 15.720 Thread 0x000002a604086450 1777       3       java.lang.Class::forName (24 bytes)
Event: 15.720 Thread 0x000002a604086450 nmethod 1777 0x000002a667838d90 code [0x000002a667838f60, 0x000002a667839168]
Event: 15.720 Thread 0x000002a604086450 1778       3       java.lang.Class::forName (41 bytes)
Event: 15.720 Thread 0x000002a6040875d0 nmethod 1767 0x000002a66f09f510 code [0x000002a66f09f6a0, 0x000002a66f09f7e0]
Event: 15.720 Thread 0x000002a604086450 nmethod 1778 0x000002a667839290 code [0x000002a667839440, 0x000002a667839638]
Event: 15.720 Thread 0x000002a604086450 1779       3       java.lang.Class::newReflectionData (66 bytes)
Event: 15.721 Thread 0x000002a604086450 nmethod 1779 0x000002a667839710 code [0x000002a667839940, 0x000002a66783a1e8]
Event: 15.721 Thread 0x000002a604086450 1780       1       java.lang.reflect.Field::getName (5 bytes)
Event: 15.721 Thread 0x000002a604086450 nmethod 1780 0x000002a66f09f910 code [0x000002a66f09faa0, 0x000002a66f09fb68]
Event: 15.721 Thread 0x000002a604086450 1781       3       sun.security.provider.ByteArrayAccess::b2iBig64 (231 bytes)

GC Heap History (4 events):
Event: 0.609 GC heap before
{Heap before GC invocations=0 (full 0):
 garbage-first heap   total 126976K, used 22528K [0x0000000084400000, 0x0000000100000000)
  region size 1024K, 23 young (23552K), 0 survivors (0K)
 Metaspace       used 8645K, committed 8896K, reserved 1114112K
  class space    used 777K, committed 896K, reserved 1048576K
}
Event: 0.616 GC heap after
{Heap after GC invocations=1 (full 0):
 garbage-first heap   total 126976K, used 3312K [0x0000000084400000, 0x0000000100000000)
  region size 1024K, 3 young (3072K), 3 survivors (3072K)
 Metaspace       used 8645K, committed 8896K, reserved 1114112K
  class space    used 777K, committed 896K, reserved 1048576K
}
Event: 2.162 GC heap before
{Heap before GC invocations=1 (full 0):
 garbage-first heap   total 126976K, used 41200K [0x0000000084400000, 0x0000000100000000)
  region size 1024K, 37 young (37888K), 3 survivors (3072K)
 Metaspace       used 17929K, committed 18240K, reserved 1114112K
  class space    used 2092K, committed 2240K, reserved 1048576K
}
Event: 2.169 GC heap after
{Heap after GC invocations=2 (full 0):
 garbage-first heap   total 126976K, used 11657K [0x0000000084400000, 0x0000000100000000)
  region size 1024K, 5 young (5120K), 5 survivors (5120K)
 Metaspace       used 17929K, committed 18240K, reserved 1114112K
  class space    used 2092K, committed 2240K, reserved 1048576K
}

Dll operation events (3 events):
Event: 0.004 Loaded shared library C:\Program Files\Android\Android Studio\jbr\bin\java.dll
Event: 0.010 Loaded shared library C:\Program Files\Android\Android Studio\jbr\bin\zip.dll
Event: 0.142 Loaded shared library C:\Program Files\Android\Android Studio\jbr\bin\verify.dll

Deoptimization events (20 events):
Event: 4.529 Thread 0x000002a6620b2770 Uncommon trap: trap_request=0xffffff45 fr.pc=0x000002a66f08d0e4 relative=0x0000000000001624
Event: 4.529 Thread 0x000002a6620b2770 Uncommon trap: reason=unstable_if action=reinterpret pc=0x000002a66f08d0e4 method=java.util.concurrent.ConcurrentHashMap.transfer([Ljava/util/concurrent/ConcurrentHashMap$Node;[Ljava/util/concurrent/ConcurrentHashMap$Node;)V @ 26 c2
Event: 4.529 Thread 0x000002a6620b2770 DEOPT PACKING pc=0x000002a66f08d0e4 sp=0x000000fae19f8420
Event: 4.529 Thread 0x000002a6620b2770 DEOPT UNPACKING pc=0x000002a66ea946a2 sp=0x000000fae19f8390 mode 2
Event: 4.531 Thread 0x000002a6620b2770 Uncommon trap: trap_request=0xffffffde fr.pc=0x000002a66f08dfe4 relative=0x0000000000000304
Event: 4.531 Thread 0x000002a6620b2770 Uncommon trap: reason=class_check action=maybe_recompile pc=0x000002a66f08dfe4 method=java.util.regex.Pattern$BmpCharPropertyGreedy.match(Ljava/util/regex/Matcher;ILjava/lang/CharSequence;)Z @ 26 c2
Event: 4.531 Thread 0x000002a6620b2770 DEOPT PACKING pc=0x000002a66f08dfe4 sp=0x000000fae19fc8f0
Event: 4.531 Thread 0x000002a6620b2770 DEOPT UNPACKING pc=0x000002a66ea946a2 sp=0x000000fae19fc8a8 mode 2
Event: 4.531 Thread 0x000002a6620b2770 Uncommon trap: trap_request=0xffffffde fr.pc=0x000002a66f08dfe4 relative=0x0000000000000304
Event: 4.531 Thread 0x000002a6620b2770 Uncommon trap: reason=class_check action=maybe_recompile pc=0x000002a66f08dfe4 method=java.util.regex.Pattern$BmpCharPropertyGreedy.match(Ljava/util/regex/Matcher;ILjava/lang/CharSequence;)Z @ 26 c2
Event: 4.531 Thread 0x000002a6620b2770 DEOPT PACKING pc=0x000002a66f08dfe4 sp=0x000000fae19fc5e0
Event: 4.531 Thread 0x000002a6620b2770 DEOPT UNPACKING pc=0x000002a66ea946a2 sp=0x000000fae19fc578 mode 2
Event: 4.531 Thread 0x000002a6620b2770 Uncommon trap: trap_request=0xffffffde fr.pc=0x000002a66f08dfe4 relative=0x0000000000000304
Event: 4.531 Thread 0x000002a6620b2770 Uncommon trap: reason=class_check action=maybe_recompile pc=0x000002a66f08dfe4 method=java.util.regex.Pattern$BmpCharPropertyGreedy.match(Ljava/util/regex/Matcher;ILjava/lang/CharSequence;)Z @ 26 c2
Event: 4.531 Thread 0x000002a6620b2770 DEOPT PACKING pc=0x000002a66f08dfe4 sp=0x000000fae19fc8f0
Event: 4.531 Thread 0x000002a6620b2770 DEOPT UNPACKING pc=0x000002a66ea946a2 sp=0x000000fae19fc8a8 mode 2
Event: 4.531 Thread 0x000002a6620b2770 Uncommon trap: trap_request=0xffffffde fr.pc=0x000002a66f08dfe4 relative=0x0000000000000304
Event: 4.531 Thread 0x000002a6620b2770 Uncommon trap: reason=class_check action=maybe_recompile pc=0x000002a66f08dfe4 method=java.util.regex.Pattern$BmpCharPropertyGreedy.match(Ljava/util/regex/Matcher;ILjava/lang/CharSequence;)Z @ 26 c2
Event: 4.531 Thread 0x000002a6620b2770 DEOPT PACKING pc=0x000002a66f08dfe4 sp=0x000000fae19fc5e0
Event: 4.531 Thread 0x000002a6620b2770 DEOPT UNPACKING pc=0x000002a66ea946a2 sp=0x000000fae19fc578 mode 2

Classes loaded (20 events):
Event: 15.717 Loading class java/io/ObjectStreamClass$1
Event: 15.717 Loading class java/io/ObjectStreamClass$1 done
Event: 15.717 Loading class java/io/DataOutputStream
Event: 15.717 Loading class java/io/DataOutputStream done
Event: 15.717 Loading class java/io/ObjectStreamClass$MemberSignature
Event: 15.717 Loading class java/io/ObjectStreamClass$MemberSignature done
Event: 15.717 Loading class java/io/ObjectStreamClass$3
Event: 15.717 Loading class java/io/ObjectStreamClass$3 done
Event: 15.717 Loading class java/io/ObjectStreamClass$4
Event: 15.717 Loading class java/io/ObjectStreamClass$4 done
Event: 15.717 Loading class java/io/ObjectStreamClass$5
Event: 15.717 Loading class java/io/ObjectStreamClass$5 done
Event: 15.717 Loading class java/util/function/UnaryOperator
Event: 15.717 Loading class java/util/function/UnaryOperator done
Event: 15.720 Loading class java/net/UrlDeserializedState
Event: 15.720 Loading class java/net/UrlDeserializedState done
Event: 15.721 Loading class jdk/internal/reflect/MethodHandleObjectFieldAccessorImpl
Event: 15.721 Loading class jdk/internal/reflect/MethodHandleObjectFieldAccessorImpl done
Event: 15.721 Loading class java/net/Proxy
Event: 15.721 Loading class java/net/Proxy done

Classes unloaded (0 events):
No events

Classes redefined (0 events):
No events

Internal exceptions (20 events):
Event: 1.068 Thread 0x000002a6620b2770 Exception <a 'java/lang/NoSuchMethodError'{0x000000008ad71858}: 'int java.lang.invoke.DirectMethodHandle$Holder.invokeStatic(java.lang.Object)'> (0x000000008ad71858) 
thrown [s\src\hotspot\share\interpreter\linkResolver.cpp, line 784]
Event: 1.068 Thread 0x000002a6620b2770 Exception <a 'java/lang/NoSuchMethodError'{0x000000008ad74d50}: 'int java.lang.invoke.DirectMethodHandle$Holder.invokeStaticInit(java.lang.Object)'> (0x000000008ad74d50) 
thrown [s\src\hotspot\share\interpreter\linkResolver.cpp, line 784]
Event: 1.070 Thread 0x000002a6620b2770 Implicit null exception at 0x000002a66f041fa0 to 0x000002a66f0425f0
Event: 1.099 Thread 0x000002a6620b2770 Exception <a 'java/lang/NoSuchMethodError'{0x000000008ac9e3d8}: 'java.lang.Object java.lang.invoke.DirectMethodHandle$Holder.invokeVirtual(java.lang.Object, java.lang.Object, java.lang.Object, java.lang.Object, java.lang.Object)'> (0x000000008ac9e3d8) 
thrown [s\src\hotspot\share\interpreter\linkResolver.cpp, line 784]
Event: 1.100 Thread 0x000002a6620b2770 Exception <a 'java/lang/NoSuchMethodError'{0x000000008acb14d8}: 'java.lang.Object java.lang.invoke.Invokers$Holder.invokeExact_MT(java.lang.Object, java.lang.Object, java.lang.Object, java.lang.Object, java.lang.Object, java.lang.Object)'> (0x000000008acb14d8) 
thrown [s\src\hotspot\share\interpreter\linkResolver.cpp, line 784]
Event: 1.143 Thread 0x000002a6620b2770 Exception <a 'java/lang/NoSuchMethodError'{0x000000008a944018}: 'java.lang.Object java.lang.invoke.DirectMethodHandle$Holder.invokeVirtual(java.lang.Object, java.lang.Object, java.lang.Object, java.lang.Object, java.lang.Object, java.lang.Object)'> (0x000000008a944018) 
thrown [s\src\hotspot\share\interpreter\linkResolver.cpp, line 784]
Event: 1.158 Thread 0x000002a6620b2770 Exception <a 'java/lang/NoSuchMethodError'{0x000000008a9d52d0}: 'java.lang.Object java.lang.invoke.DirectMethodHandle$Holder.invokeSpecialIFC(java.lang.Object, java.lang.Object, java.lang.Object, java.lang.Object)'> (0x000000008a9d52d0) 
thrown [s\src\hotspot\share\interpreter\linkResolver.cpp, line 784]
Event: 1.158 Thread 0x000002a6620b2770 Exception <a 'java/lang/NoSuchMethodError'{0x000000008a9de930}: 'java.lang.Object java.lang.invoke.DirectMethodHandle$Holder.invokeVirtual(java.lang.Object, java.lang.Object, java.lang.Object, java.lang.Object, java.lang.Object, java.lang.Object, java.lang.Object, java.lang.Object)'> (0x000000008a9de930) 
thrown [s\src\hotspot\share\interpreter\linkResolver.cpp, line 784]
Event: 1.163 Thread 0x000002a6620b2770 Exception <a 'java/lang/NoSuchMethodError'{0x000000008a546430}: 'java.lang.Object java.lang.invoke.DirectMethodHandle$Holder.invokeVirtual(java.lang.Object, java.lang.Object, java.lang.Object, java.lang.Object, java.lang.Object, java.lang.Object, java.lang.Object, java.lang.Object, java.lang.Object)'> (0x000000008a546430) 
thrown [s\src\hotspot\share\interpreter\linkResolver.cpp, line 784]
Event: 1.894 Thread 0x000002a604ead6e0 Exception <a 'java/lang/NoSuchMethodError'{0x000000008a1d75b8}: 'void java.lang.invoke.DirectMethodHandle$Holder.invokeStatic(java.lang.Object, long)'> (0x000000008a1d75b8) 
thrown [s\src\hotspot\share\interpreter\linkResolver.cpp, line 784]
Event: 2.040 Thread 0x000002a604ead6e0 Exception <a 'java/lang/NoSuchMethodError'{0x000000008a1f2fd8}: 'void java.lang.invoke.DirectMethodHandle$Holder.invokeSpecial(java.lang.Object, java.lang.Object, int)'> (0x000000008a1f2fd8) 
thrown [s\src\hotspot\share\interpreter\linkResolver.cpp, line 784]
Event: 2.040 Thread 0x000002a604ead6e0 Exception <a 'java/lang/NoSuchMethodError'{0x000000008a1f85e8}: 'java.lang.Object java.lang.invoke.DirectMethodHandle$Holder.newInvokeSpecial(java.lang.Object, java.lang.Object, int)'> (0x000000008a1f85e8) 
thrown [s\src\hotspot\share\interpreter\linkResolver.cpp, line 784]
Event: 2.057 Thread 0x000002a6620b2770 Exception <a 'java/lang/NoSuchMethodError'{0x000000008a0c7950}: 'java.lang.Object java.lang.invoke.DirectMethodHandle$Holder.newInvokeSpecial(java.lang.Object, int, java.lang.Object)'> (0x000000008a0c7950) 
thrown [s\src\hotspot\share\interpreter\linkResolver.cpp, line 784]
Event: 15.709 Thread 0x000002a6620b2770 Exception <a 'java/lang/NoSuchMethodError'{0x000000008bb2dee8}: 'long java.lang.invoke.DirectMethodHandle$Holder.invokeSpecial(java.lang.Object, java.lang.Object)'> (0x000000008bb2dee8) 
thrown [s\src\hotspot\share\interpreter\linkResolver.cpp, line 784]
Event: 15.710 Thread 0x000002a6620b2770 Exception <a 'java/lang/NoSuchMethodError'{0x000000008bb316e8}: 'long java.lang.invoke.Invokers$Holder.invokeExact_MT(java.lang.Object, java.lang.Object)'> (0x000000008bb316e8) 
thrown [s\src\hotspot\share\interpreter\linkResolver.cpp, line 784]
Event: 15.717 Thread 0x000002a6620b2770 Exception <a 'java/lang/NoSuchMethodError'{0x000000008bb6e8b0}: static Lorg/gradle/tooling/internal/provider/serialization/ClassLoaderDetails;.<clinit>()V> (0x000000008bb6e8b0) 
thrown [s\src\hotspot\share\prims\jni.cpp, line 1144]
Event: 15.718 Thread 0x000002a6620b2770 Exception <a 'java/lang/NoSuchMethodError'{0x000000008bb8a8c8}: static Lorg/gradle/internal/classloader/ClassLoaderSpec;.<clinit>()V> (0x000000008bb8a8c8) 
thrown [s\src\hotspot\share\prims\jni.cpp, line 1144]
Event: 15.719 Thread 0x000002a6620b2770 Exception <a 'java/lang/NoSuchMethodError'{0x000000008bb95d88}: static Lorg/gradle/tooling/internal/provider/serialization/WellKnownClassLoaderRegistry$KnownClassLoaderSpec;.<clinit>()V> (0x000000008bb95d88) 
thrown [s\src\hotspot\share\prims\jni.cpp, line 1144]
Event: 15.720 Thread 0x000002a6620b2770 Exception <a 'java/lang/NoSuchMethodError'{0x000000008bbacdb8}: static Lorg/gradle/internal/classloader/ClassLoaderSpec;.<clinit>()V> (0x000000008bbacdb8) 
thrown [s\src\hotspot\share\prims\jni.cpp, line 1144]
Event: 15.720 Thread 0x000002a6620b2770 Exception <a 'java/lang/NoSuchMethodError'{0x000000008bbbc550}: static Lorg/gradle/internal/classloader/VisitableURLClassLoader$Spec;.<clinit>()V> (0x000000008bbbc550) 
thrown [s\src\hotspot\share\prims\jni.cpp, line 1144]

ZGC Phase Switch (0 events):
No events

VM Operations (20 events):
Event: 0.974 Executing VM operation: HandshakeAllThreads (Deoptimize)
Event: 0.974 Executing VM operation: HandshakeAllThreads (Deoptimize) done
Event: 1.043 Executing VM operation: HandshakeAllThreads (Deoptimize)
Event: 1.043 Executing VM operation: HandshakeAllThreads (Deoptimize) done
Event: 2.031 Executing VM operation: Cleanup
Event: 2.031 Executing VM operation: Cleanup done
Event: 2.132 Executing VM operation: HandshakeAllThreads (Deoptimize)
Event: 2.132 Executing VM operation: HandshakeAllThreads (Deoptimize) done
Event: 2.162 Executing VM operation: G1CollectForAllocation (G1 Evacuation Pause)
Event: 2.169 Executing VM operation: G1CollectForAllocation (G1 Evacuation Pause) done
Event: 2.173 Executing VM operation: HandshakeAllThreads (Deoptimize)
Event: 2.173 Executing VM operation: HandshakeAllThreads (Deoptimize) done
Event: 4.171 Executing VM operation: Cleanup
Event: 4.171 Executing VM operation: Cleanup done
Event: 4.491 Executing VM operation: HandshakeAllThreads (Deoptimize)
Event: 4.491 Executing VM operation: HandshakeAllThreads (Deoptimize) done
Event: 5.480 Executing VM operation: Cleanup
Event: 5.480 Executing VM operation: Cleanup done
Event: 8.505 Executing VM operation: Cleanup
Event: 8.506 Executing VM operation: Cleanup done

Memory protections (0 events):
No events

Nmethod flushes (0 events):
No events

Events (20 events):
Event: 0.044 Thread 0x000002a6620b2770 Thread added: 0x000002a604086450
Event: 0.066 Thread 0x000002a6620b2770 Thread added: 0x000002a604243980
Event: 0.098 Loaded shared library C:\Program Files\Android\Android Studio\jbr\bin\net.dll
Event: 0.104 Loaded shared library C:\Program Files\Android\Android Studio\jbr\bin\nio.dll
Event: 0.126 Loaded shared library C:\Program Files\Android\Android Studio\jbr\bin\zip.dll
Event: 0.207 Loaded shared library C:\Program Files\Android\Android Studio\jbr\bin\jimage.dll
Event: 0.848 Loaded shared library C:\Program Files\Android\Android Studio\jbr\bin\management.dll
Event: 0.854 Loaded shared library C:\Program Files\Android\Android Studio\jbr\bin\management_ext.dll
Event: 0.906 Loaded shared library C:\Users\PMLS\.gradle\native\1def1411415f61bf3af743bc5b6707747c0891f09f0c88961ee8f79bc544acac\windows-amd64\native-platform.dll
Event: 0.920 Thread 0x000002a6620b2770 Thread added: 0x000002a604e34210
Event: 1.236 Thread 0x000002a6620b2770 Thread added: 0x000002a604ead6e0
Event: 1.900 Thread 0x000002a604ead6e0 Thread added: 0x000002a6051c1de0
Event: 1.901 Thread 0x000002a604ead6e0 Thread added: 0x000002a60518ae90
Event: 2.122 Thread 0x000002a6620b2770 Thread added: 0x000002a605170bf0
Event: 2.132 Thread 0x000002a605170bf0 Thread added: 0x000002a6051d4d30
Event: 2.132 Thread 0x000002a605170bf0 Thread added: 0x000002a6051d53a0
Event: 2.133 Thread 0x000002a6051d4d30 Thread exited: 0x000002a6051d4d30
Event: 4.426 Thread 0x000002a6051d53a0 Thread exited: 0x000002a6051d53a0
Event: 4.426 Thread 0x000002a605170bf0 Thread exited: 0x000002a605170bf0
Event: 4.451 Loaded shared library C:\Program Files\Android\Android Studio\jbr\bin\extnet.dll


Dynamic libraries:
0x00007ff78aee0000 - 0x00007ff78aeea000 	C:\Program Files\Android\Android Studio\jbr\bin\java.exe
0x00007ffdcf850000 - 0x00007ffdcfa48000 	C:\Windows\SYSTEM32\ntdll.dll
0x00007ffdcf0d0000 - 0x00007ffdcf192000 	C:\Windows\System32\KERNEL32.DLL
0x00007ffdcd570000 - 0x00007ffdcd866000 	C:\Windows\System32\KERNELBASE.dll
0x00007ffdccfa0000 - 0x00007ffdcd0a0000 	C:\Windows\System32\ucrtbase.dll
0x00007ffdc36f0000 - 0x00007ffdc3708000 	C:\Program Files\Android\Android Studio\jbr\bin\jli.dll
0x00007ffdc7890000 - 0x00007ffdc78ab000 	C:\Program Files\Android\Android Studio\jbr\bin\VCRUNTIME140.dll
0x00007ffdce170000 - 0x00007ffdce311000 	C:\Windows\System32\USER32.dll
0x00007ffdcd220000 - 0x00007ffdcd242000 	C:\Windows\System32\win32u.dll
0x00007ffdcf7c0000 - 0x00007ffdcf7eb000 	C:\Windows\System32\GDI32.dll
0x00007ffdcd450000 - 0x00007ffdcd569000 	C:\Windows\System32\gdi32full.dll
0x00007ffdcd3b0000 - 0x00007ffdcd44d000 	C:\Windows\System32\msvcp_win.dll
0x00007ffdb99c0000 - 0x00007ffdb9c5b000 	C:\Windows\WinSxS\amd64_microsoft.windows.common-controls_6595b64144ccf1df_6.0.19041.6456_none_60b8a6cb71f64256\COMCTL32.dll
0x00007ffdcebf0000 - 0x00007ffdcec8e000 	C:\Windows\System32\msvcrt.dll
0x00007ffdce390000 - 0x00007ffdce3bf000 	C:\Windows\System32\IMM32.DLL
0x00007ffdc42b0000 - 0x00007ffdc42bc000 	C:\Program Files\Android\Android Studio\jbr\bin\vcruntime140_1.dll
0x00007ffda1fe0000 - 0x00007ffda206d000 	C:\Program Files\Android\Android Studio\jbr\bin\msvcp140.dll
0x00007ffd83c80000 - 0x00007ffd8490e000 	C:\Program Files\Android\Android Studio\jbr\bin\server\jvm.dll
0x00007ffdcf440000 - 0x00007ffdcf4f1000 	C:\Windows\System32\ADVAPI32.dll
0x00007ffdcf720000 - 0x00007ffdcf7bf000 	C:\Windows\System32\sechost.dll
0x00007ffdcee90000 - 0x00007ffdcefb0000 	C:\Windows\System32\RPCRT4.dll
0x00007ffdccf70000 - 0x00007ffdccf97000 	C:\Windows\System32\bcrypt.dll
0x00007ffdcf500000 - 0x00007ffdcf56b000 	C:\Windows\System32\WS2_32.dll
0x00007ffdbe9d0000 - 0x00007ffdbe9da000 	C:\Windows\SYSTEM32\VERSION.dll
0x00007ffdbd560000 - 0x00007ffdbd587000 	C:\Windows\SYSTEM32\WINMM.dll
0x00007ffdccc20000 - 0x00007ffdccc6b000 	C:\Windows\SYSTEM32\POWRPROF.dll
0x00007ffdccc00000 - 0x00007ffdccc12000 	C:\Windows\SYSTEM32\UMPDC.dll
0x00007ffdcb6b0000 - 0x00007ffdcb6c2000 	C:\Windows\SYSTEM32\kernel.appcore.dll
0x00007ffdc4290000 - 0x00007ffdc429a000 	C:\Program Files\Android\Android Studio\jbr\bin\jimage.dll
0x00007ffdcabe0000 - 0x00007ffdcade1000 	C:\Windows\SYSTEM32\DBGHELP.DLL
0x00007ffdacc10000 - 0x00007ffdacc44000 	C:\Windows\SYSTEM32\dbgcore.DLL
0x00007ffdccee0000 - 0x00007ffdccf62000 	C:\Windows\System32\bcryptPrimitives.dll
0x00007ffdc3e30000 - 0x00007ffdc3e50000 	C:\Program Files\Android\Android Studio\jbr\bin\java.dll
0x00007ffdc3540000 - 0x00007ffdc3558000 	C:\Program Files\Android\Android Studio\jbr\bin\zip.dll
0x00007ffdcda00000 - 0x00007ffdce170000 	C:\Windows\System32\SHELL32.dll
0x00007ffdcaef0000 - 0x00007ffdcb695000 	C:\Windows\SYSTEM32\windows.storage.dll
0x00007ffdce3c0000 - 0x00007ffdce714000 	C:\Windows\System32\combase.dll
0x00007ffdcc750000 - 0x00007ffdcc77b000 	C:\Windows\SYSTEM32\Wldp.dll
0x00007ffdcd870000 - 0x00007ffdcd93d000 	C:\Windows\System32\OLEAUT32.dll
0x00007ffdcd950000 - 0x00007ffdcd9fd000 	C:\Windows\System32\SHCORE.dll
0x00007ffdcf3e0000 - 0x00007ffdcf43b000 	C:\Windows\System32\shlwapi.dll
0x00007ffdcce10000 - 0x00007ffdcce34000 	C:\Windows\SYSTEM32\profapi.dll
0x00007ffdc4280000 - 0x00007ffdc4290000 	C:\Program Files\Android\Android Studio\jbr\bin\net.dll
0x00007ffdc6550000 - 0x00007ffdc665a000 	C:\Windows\SYSTEM32\WINHTTP.dll
0x00007ffdcc530000 - 0x00007ffdcc59a000 	C:\Windows\system32\mswsock.dll
0x00007ffdc2950000 - 0x00007ffdc2966000 	C:\Program Files\Android\Android Studio\jbr\bin\nio.dll
0x00007ffdc3610000 - 0x00007ffdc3620000 	C:\Program Files\Android\Android Studio\jbr\bin\verify.dll
0x00007ffdc3e60000 - 0x00007ffdc3e69000 	C:\Program Files\Android\Android Studio\jbr\bin\management.dll
0x00007ffdc3e20000 - 0x00007ffdc3e2b000 	C:\Program Files\Android\Android Studio\jbr\bin\management_ext.dll
0x00007ffdcee20000 - 0x00007ffdcee28000 	C:\Windows\System32\PSAPI.DLL
0x00007ffdc36c0000 - 0x00007ffdc36e7000 	C:\Users\PMLS\.gradle\native\1def1411415f61bf3af743bc5b6707747c0891f09f0c88961ee8f79bc544acac\windows-amd64\native-platform.dll
0x00007ffdcc790000 - 0x00007ffdcc7a8000 	C:\Windows\SYSTEM32\CRYPTSP.dll
0x00007ffdcbe70000 - 0x00007ffdcbea8000 	C:\Windows\system32\rsaenh.dll
0x00007ffdccdd0000 - 0x00007ffdccdfe000 	C:\Windows\SYSTEM32\USERENV.dll
0x00007ffdcc6c0000 - 0x00007ffdcc6cc000 	C:\Windows\SYSTEM32\CRYPTBASE.dll
0x00007ffdcc230000 - 0x00007ffdcc26b000 	C:\Windows\SYSTEM32\IPHLPAPI.DLL
0x00007ffdcd940000 - 0x00007ffdcd948000 	C:\Windows\System32\NSI.dll
0x00007ffdc4260000 - 0x00007ffdc4269000 	C:\Program Files\Android\Android Studio\jbr\bin\extnet.dll
0x00007ffd99180000 - 0x00007ffd99187000 	C:\Windows\system32\wshunix.dll

dbghelp: loaded successfully - version: 4.0.5 - missing functions: none
symbol engine: initialized successfully - sym options: 0x614 - pdb path: .;C:\Program Files\Android\Android Studio\jbr\bin;C:\Windows\SYSTEM32;C:\Windows\WinSxS\amd64_microsoft.windows.common-controls_6595b64144ccf1df_6.0.19041.6456_none_60b8a6cb71f64256;C:\Program Files\Android\Android Studio\jbr\bin\server;C:\Users\PMLS\.gradle\native\1def1411415f61bf3af743bc5b6707747c0891f09f0c88961ee8f79bc544acac\windows-amd64

VM Arguments:
jvm_args: -Dorg.gradle.appname=gradlew 
java_command: org.gradle.wrapper.GradleWrapperMain -q -Ptarget-platform=android-arm64 -Ptarget=D:\my_fyp_project\lib\main.dart -Pbase-application-name=android.app.Application -Pdart-defines=Zmx1dHRlci5pbnNwZWN0b3Iuc3RydWN0dXJlZEVycm9ycz10cnVl,RkxVVFRFUl9WRVJTSU9OPTMuMzUuMw==,RkxVVFRFUl9DSEFOTkVMPXN0YWJsZQ==,RkxVVFRFUl9HSVRfVVJMPWh0dHBzOi8vZ2l0aHViLmNvbS9mbHV0dGVyL2ZsdXR0ZXIuZ2l0,RkxVVFRFUl9GUkFNRVdPUktfUkVWSVNJT049YTQwMmQ5YTQzNw==,RkxVVFRFUl9FTkdJTkVfUkVWSVNJT049ZGRmNDdkZDNmZg==,RkxVVFRFUl9EQVJUX1ZFUlNJT049My45LjI= -Pdart-obfuscation=false -Ptrack-widget-creation=true -Ptree-shake-icons=false -Pfilesystem-scheme=org-dartlang-root assembleDebug
java_class_path (initial): D:\my_fyp_project\android\\gradle\wrapper\gradle-wrapper.jar
Launcher Type: SUN_STANDARD

[Global flags]
     intx CICompilerCount                          = 4                                         {product} {ergonomic}
     uint ConcGCThreads                            = 3                                         {product} {ergonomic}
     uint G1ConcRefinementThreads                  = 10                                        {product} {ergonomic}
   size_t G1HeapRegionSize                         = 1048576                                   {product} {ergonomic}
    uintx GCDrainStackTargetSize                   = 64                                        {product} {ergonomic}
   size_t InitialHeapSize                          = 130023424                                 {product} {ergonomic}
   size_t MarkStackSize                            = 4194304                                   {product} {ergonomic}
   size_t MaxHeapSize                              = 2076180480                                {product} {ergonomic}
   size_t MaxNewSize                               = 1245708288                                {product} {ergonomic}
   size_t MinHeapDeltaBytes                        = 1048576                                   {product} {ergonomic}
   size_t MinHeapSize                              = 8388608                                   {product} {ergonomic}
    uintx NonNMethodCodeHeapSize                   = 5839372                                {pd product} {ergonomic}
    uintx NonProfiledCodeHeapSize                  = 122909434                              {pd product} {ergonomic}
    uintx ProfiledCodeHeapSize                     = 122909434                              {pd product} {ergonomic}
    uintx ReservedCodeCacheSize                    = 251658240                              {pd product} {ergonomic}
     bool SegmentedCodeCache                       = true                                      {product} {ergonomic}
   size_t SoftMaxHeapSize                          = 2076180480                             {manageable} {ergonomic}
     bool UseCompressedOops                        = true                           {product lp64_product} {ergonomic}
     bool UseG1GC                                  = true                                      {product} {ergonomic}
     bool UseLargePagesIndividualAllocation        = false                                  {pd product} {ergonomic}

Logging:
Log output configuration:
 #0: stdout all=warning uptime,level,tags foldmultilines=false
 #1: stderr all=off uptime,level,tags foldmultilines=false

Environment Variables:
JAVA_HOME=C:\Program Files\Android\Android Studio\jbr
CLASSPATH=D:\my_fyp_project\android\\gradle\wrapper\gradle-wrapper.jar
PATH=C:\Program Files\Android\Android Studio\jbr\bin;C:\Program Files\Eclipse Adoptium\jdk-17.0.18.8-hotspot\bin;D:\VMware\bin\;C:\Windows\system32;C:\Windows;C:\Windows\System32\Wbem;C:\Windows\System32\WindowsPowerShell\v1.0\;C:\Windows\System32\OpenSSH\;C:\Program Files\Git\cmd;C:\Program Files\nodejs\;C:\Program Files\Eclipse Adoptium\jdk-17.0.18.8-hotspot\bin;C:\Program Files\Eclipse Adoptium\jdk-17.0.18.8-hotspot\bin;C:\Users\PMLS\AppData\Local\Programs\Python\Python313\;C:\Users\PMLS\AppData\Local\Programs\Python\Launcher\;C:\Users\PMLS\AppData\Local\Microsoft\WindowsApps;C:\Users\PMLS\AppData\Local\Programs\Microsoft VS Code\bin;C:\Users\PMLS\AppData\Roaming\npm;E:\flutter\bin;C:\Users\PMLS\AppData\Local\Pub\Cache\bin;;E:\flutter\bin\mingit\cmd
USERNAME=PMYLS
OS=Windows_NT
PROCESSOR_IDENTIFIER=Intel64 Family 6 Model 154 Stepping 4, GenuineIntel
TMP=C:\Users\PMLS\AppData\Local\Temp
TEMP=C:\Users\PMLS\AppData\Local\Temp




Periodic native trim disabled

JNI global refs:
JNI global refs: 20, weak refs: 3

JNI global refs memory usage: 835, weak refs: 833

Process memory usage:
Resident Set Size: 118612K (1% of 8106488K total physical memory with 381248K free physical memory)

OOME stack traces (most recent first):
Classloader memory used:
Loader bootstrap                                                                       : 14207K
Loader org.gradle.internal.classloader.VisitableURLClassLoader                         : 5533K
Loader java.net.URLClassLoader                                                         : 229K
Loader jdk.internal.loader.ClassLoaders$AppClassLoader                                 : 147K
Loader jdk.internal.loader.ClassLoaders$PlatformClassLoader                            : 112K
Loader jdk.internal.reflect.DelegatingClassLoader                                      : 38096B

Classes loaded by more than one classloader:
Class org.gradle.internal.classloader.ClassLoaderHierarchy                            : loaded 2 times (x 68B)
Class org.gradle.cli.AbstractPropertiesCommandLineConverter                           : loaded 2 times (x 81B)
Class org.gradle.api.internal.classpath.ManifestUtil                                  : loaded 2 times (x 69B)
Class org.gradle.cli.CommandLineParser                                                : loaded 2 times (x 77B)
Class org.gradle.internal.classloader.ClassLoaderVisitor                              : loaded 2 times (x 74B)
Class org.gradle.api.internal.classpath.EffectiveClassPath                            : loaded 2 times (x 88B)
Class org.gradle.internal.service.UnknownServiceException                             : loaded 2 times (x 81B)
Class org.gradle.cli.SystemPropertiesCommandLineConverter                             : loaded 2 times (x 81B)
Class org.gradle.cli.CommandLineArgumentException                                     : loaded 2 times (x 80B)
Class org.gradle.cli.CommandLineParser$KnownOptionParserState                         : loaded 2 times (x 74B)
Class org.gradle.internal.InternalTransformer                                         : loaded 2 times (x 68B)
Class org.gradle.internal.classloader.ClasspathUtil$1                                 : loaded 2 times (x 74B)
Class org.gradle.api.internal.classpath.DefaultModuleRegistry$DefaultModule           : loaded 2 times (x 84B)
Class org.gradle.api.internal.classpath.Module                                        : loaded 2 times (x 68B)
Class org.gradle.api.internal.classpath.UnknownModuleException                        : loaded 2 times (x 80B)
Class org.gradle.internal.classpath.DefaultClassPath$ImmutableUniqueList              : loaded 2 times (x 197B)
Class org.gradle.cli.CommandLineParser$OptionAwareParserState                         : loaded 2 times (x 75B)
Class org.gradle.cli.ParsedCommandLine                                                : loaded 2 times (x 78B)
Class org.gradle.internal.classpath.ClassPath                                         : loaded 2 times (x 68B)
Class org.gradle.cli.CommandLineParser$UnknownOptionParserState                       : loaded 2 times (x 74B)
Class org.gradle.cli.ParsedCommandLineOption                                          : loaded 2 times (x 74B)
Class org.gradle.api.UncheckedIOException                                             : loaded 2 times (x 80B)
Class org.gradle.cli.CommandLineParser$AfterFirstSubCommand                           : loaded 2 times (x 75B)
Class org.gradle.api.internal.classpath.ModuleRegistry                                : loaded 2 times (x 68B)
Class org.gradle.internal.installation.GradleInstallation$1                           : loaded 2 times (x 73B)
Class org.gradle.api.internal.classpath.DefaultModuleRegistry                         : loaded 2 times (x 84B)
Class org.gradle.cli.CommandLineOption                                                : loaded 2 times (x 84B)
Class org.gradle.cli.CommandLineParser$BeforeFirstSubCommand                          : loaded 2 times (x 75B)
Class org.gradle.internal.service.ServiceLookupException                              : loaded 2 times (x 80B)
Class org.gradle.cli.CommandLineParser$OptionParserState                              : loaded 2 times (x 73B)
Class org.gradle.internal.classloader.ClasspathUtil                                   : loaded 2 times (x 69B)
Class org.gradle.api.specs.Spec                                                       : loaded 2 times (x 68B)
Class org.gradle.internal.classloader.VisitableURLClassLoader$Spec                    : loaded 2 times (x 72B)
Class org.gradle.internal.classpath.DefaultClassPath                                  : loaded 2 times (x 88B)
Class org.gradle.internal.classloader.ClassLoaderSpec                                 : loaded 2 times (x 69B)
Class org.gradle.internal.Cast                                                        : loaded 2 times (x 69B)
Class org.gradle.api.Action                                                           : loaded 2 times (x 68B)
Class org.gradle.internal.classpath.DefaultClassPath$ImmutableUniqueList$Builder      : loaded 2 times (x 73B)
Class org.gradle.cli.AbstractCommandLineConverter                                     : loaded 2 times (x 77B)
Class org.gradle.api.GradleException                                                  : loaded 2 times (x 80B)
Class org.gradle.internal.IoActions                                                   : loaded 2 times (x 69B)
Class org.gradle.internal.classloader.SystemClassLoaderSpec                           : loaded 2 times (x 69B)
Class org.gradle.cli.CommandLineConverter                                             : loaded 2 times (x 68B)
Class org.gradle.cli.CommandLineParser$MissingOptionArgState                          : loaded 2 times (x 75B)
Class org.gradle.cli.CommandLineParser$ParserState                                    : loaded 2 times (x 74B)
Class org.gradle.cli.CommandLineParser$OptionString                                   : loaded 2 times (x 71B)
Class org.gradle.api.internal.classpath.GlobalCacheRootsProvider                      : loaded 2 times (x 68B)
Class org.gradle.internal.installation.CurrentGradleInstallationLocator               : loaded 2 times (x 69B)
Class org.gradle.internal.installation.CurrentGradleInstallation                      : loaded 2 times (x 71B)
Class org.gradle.util.internal.GUtil                                                  : loaded 2 times (x 69B)
Class org.gradle.cli.CommandLineParser$AfterOptions                                   : loaded 2 times (x 75B)
Class org.gradle.internal.installation.GradleInstallation                             : loaded 2 times (x 73B)

---------------  S Y S T E M  ---------------

OS:
 Windows 10 , 64 bit Build 19041 (10.0.19041.5915)
OS uptime: 3 days 7:42 hours
Hyper-V role detected

CPU: total 12 (initial active 12) (6 cores per cpu, 2 threads per core) family 6 model 154 stepping 4 microcode 0x424, cx8, cmov, fxsr, ht, mmx, 3dnowpref, sse, sse2, sse3, ssse3, sse4.1, sse4.2, popcnt, lzcnt, tsc, tscinvbit, avx, avx2, aes, erms, clmul, bmi1, bmi2, adx, sha, fma, vzeroupper, clflush, clflushopt, clwb, hv, rdtscp, rdpid, fsrm, f16c, cet_ibt, cet_ss
Processor Information for processor 0
  Max Mhz: 1300, Current Mhz: 1300, Mhz Limit: 1300
Processor Information for processor 1
  Max Mhz: 1300, Current Mhz: 1300, Mhz Limit: 1300
Processor Information for processor 2
  Max Mhz: 1300, Current Mhz: 1300, Mhz Limit: 1300
Processor Information for processor 3
  Max Mhz: 1300, Current Mhz: 1300, Mhz Limit: 1300
Processor Information for processor 4
  Max Mhz: 900, Current Mhz: 900, Mhz Limit: 900
Processor Information for processor 5
  Max Mhz: 900, Current Mhz: 900, Mhz Limit: 900
Processor Information for processor 6
  Max Mhz: 900, Current Mhz: 900, Mhz Limit: 900
Processor Information for processor 7
  Max Mhz: 900, Current Mhz: 900, Mhz Limit: 900
Processor Information for processor 8
  Max Mhz: 900, Current Mhz: 900, Mhz Limit: 900
Processor Information for processor 9
  Max Mhz: 900, Current Mhz: 900, Mhz Limit: 900
Processor Information for processor 10
  Max Mhz: 900, Current Mhz: 900, Mhz Limit: 900
Processor Information for processor 11
  Max Mhz: 900, Current Mhz: 900, Mhz Limit: 900

Memory: 4k page, system-wide physical 7916M (372M free)
TotalPageFile size 16108M (AvailPageFile size 7M)
current process WorkingSet (physical memory assigned to process): 116M, peak: 116M
current process commit charge ("private bytes"): 235M, peak: 236M

vm_info: OpenJDK 64-Bit Server VM (21.0.7+-13880790-b1038.58) for windows-amd64 JRE (21.0.7+-13880790-b1038.58), built on 2025-08-04T20:56:21Z by "builder" with MS VC++ 16.10 / 16.11 (VS2019)

END.
