#
# There is insufficient memory for the Java Runtime Environment to continue.
# Native memory allocation (malloc) failed to allocate 213216 bytes. Error detail: Chunk::new
# Possible reasons:
#   The system is out of physical RAM or swap space
#   This process is running with CompressedOops enabled, and the Java Heap may be blocking the growth of the native heap
# Possible solutions:
#   Reduce memory load on the system
#   Increase physical memory or swap space
#   Check if swap backing store is full
#   Decrease Java heap size (-Xmx/-Xms)
#   Decrease number of Java threads
#   Decrease Java thread stack sizes (-Xss)
#   Set larger code cache with -XX:ReservedCodeCacheSize=
#   JVM is running with Unscaled Compressed Oops mode in which the Java heap is
#     placed in the first 4GB address space. The Java Heap base address is the
#     maximum limit for the native heap growth. Please use -XX:HeapBaseMinAddress
#     to set the Java Heap base and to place the Java Heap above 4GB virtual address.
# This output file may be truncated or incomplete.
#
#  Out of Memory Error (arena.cpp:168), pid=51280, tid=67168
#
# JRE version: OpenJDK Runtime Environment (21.0.7) (build 21.0.7+-13880790-b1038.58)
# Java VM: OpenJDK 64-Bit Server VM (21.0.7+-13880790-b1038.58, mixed mode, tiered, compressed oops, compressed class ptrs, g1 gc, windows-amd64)
# No core dump will be written. Minidumps are not enabled by default on client versions of Windows
#

---------------  S U M M A R Y ------------

Command Line: -Dorg.gradle.appname=gradlew org.gradle.wrapper.GradleWrapperMain -q -Ptarget-platform=android-arm64 -Ptarget=D:\my_fyp_project\lib\main.dart -Pbase-application-name=android.app.Application -Pdart-defines=Zmx1dHRlci5pbnNwZWN0b3Iuc3RydWN0dXJlZEVycm9ycz10cnVl,RkxVVFRFUl9WRVJTSU9OPTMuMzUuMw==,RkxVVFRFUl9DSEFOTkVMPXN0YWJsZQ==,RkxVVFRFUl9HSVRfVVJMPWh0dHBzOi8vZ2l0aHViLmNvbS9mbHV0dGVyL2ZsdXR0ZXIuZ2l0,RkxVVFRFUl9GUkFNRVdPUktfUkVWSVNJT049YTQwMmQ5YTQzNw==,RkxVVFRFUl9FTkdJTkVfUkVWSVNJT049ZGRmNDdkZDNmZg==,RkxVVFRFUl9EQVJUX1ZFUlNJT049My45LjI= -Pdart-obfuscation=false -Ptrack-widget-creation=true -Ptree-shake-icons=false -Pfilesystem-scheme=org-dartlang-root assembleDebug

Host: 12th Gen Intel(R) Core(TM) i5-1235U, 12 cores, 7G,  Windows 10 , 64 bit Build 19041 (10.0.19041.5915)
Time: Tue Apr 21 23:03:33 2026 Pakistan Standard Time elapsed time: 1.164508 seconds (0d 0h 0m 1s)

---------------  T H R E A D  ---------------

Current thread (0x0000029561bdf080):  JavaThread "C2 CompilerThread0" daemon [_thread_in_native, id=67168, stack(0x000000e215b00000,0x000000e215c00000) (1024K)]


Current CompileTask:
C2:1164  753 %     4       java.util.zip.ZipFile$Source::initCEN @ 261 (612 bytes)

Stack: [0x000000e215b00000,0x000000e215c00000]
Native frames: (J=compiled Java code, j=interpreted, Vv=VM code, C=native code)
V  [jvm.dll+0x6d25c9]
V  [jvm.dll+0x860923]
V  [jvm.dll+0x862e7e]
V  [jvm.dll+0x863563]
V  [jvm.dll+0x27f156]
V  [jvm.dll+0xc002d]
V  [jvm.dll+0xc0563]
V  [jvm.dll+0x2f31f0]
V  [jvm.dll+0x5fc309]
V  [jvm.dll+0x250f82]
V  [jvm.dll+0x249444]
V  [jvm.dll+0x24733e]
V  [jvm.dll+0x1c5fb4]
V  [jvm.dll+0x256bac]
V  [jvm.dll+0x2550f6]
V  [jvm.dll+0x3f1d16]
V  [jvm.dll+0x808d08]
V  [jvm.dll+0x6d0e1d]
C  [ucrtbase.dll+0x21bb2]
C  [KERNEL32.DLL+0x17374]
C  [ntdll.dll+0x4cc91]


---------------  P R O C E S S  ---------------

Threads class SMR info:
_java_thread_list=0x000002956643d760, length=12, elements={
0x0000029549ff33f0, 0x0000029561b7ee80, 0x0000029561b98200, 0x0000029561b98c60,
0x0000029561bb70d0, 0x0000029561bb7b30, 0x0000029561bb8ba0, 0x0000029561bda650,
0x0000029561bdf080, 0x0000029561bdfb20, 0x0000029561d881c0, 0x00000295661b3520
}

Java Threads: ( => current thread )
  0x0000029549ff33f0 JavaThread "main"                              [_thread_in_vm, id=51732, stack(0x000000e214c00000,0x000000e214d00000) (1024K)]
  0x0000029561b7ee80 JavaThread "Common-Cleaner"             daemon [_thread_blocked, id=34956, stack(0x000000e215400000,0x000000e215500000) (1024K)]
  0x0000029561b98200 JavaThread "Reference Handler"          daemon [_thread_blocked, id=51592, stack(0x000000e215500000,0x000000e215600000) (1024K)]
  0x0000029561b98c60 JavaThread "Finalizer"                  daemon [_thread_blocked, id=40404, stack(0x000000e215600000,0x000000e215700000) (1024K)]
  0x0000029561bb70d0 JavaThread "Signal Dispatcher"          daemon [_thread_blocked, id=58756, stack(0x000000e215700000,0x000000e215800000) (1024K)]
  0x0000029561bb7b30 JavaThread "Attach Listener"            daemon [_thread_blocked, id=59752, stack(0x000000e215800000,0x000000e215900000) (1024K)]
  0x0000029561bb8ba0 JavaThread "Service Thread"             daemon [_thread_blocked, id=62236, stack(0x000000e215900000,0x000000e215a00000) (1024K)]
  0x0000029561bda650 JavaThread "Monitor Deflation Thread"   daemon [_thread_blocked, id=58660, stack(0x000000e215a00000,0x000000e215b00000) (1024K)]
=>0x0000029561bdf080 JavaThread "C2 CompilerThread0"         daemon [_thread_in_native, id=67168, stack(0x000000e215b00000,0x000000e215c00000) (1024K)]
  0x0000029561bdfb20 JavaThread "C1 CompilerThread0"         daemon [_thread_in_native, id=58968, stack(0x000000e215c00000,0x000000e215d00000) (1024K)]
  0x0000029561d881c0 JavaThread "Notification Thread"        daemon [_thread_blocked, id=31700, stack(0x000000e215d00000,0x000000e215e00000) (1024K)]
  0x00000295661b3520 JavaThread "C2 CompilerThread1"         daemon [_thread_in_vm, id=48988, stack(0x000000e215e00000,0x000000e215f00000) (1024K)]
Total: 12

Other Threads:
  0x0000029547d3e4f0 VMThread "VM Thread"                           [id=63864, stack(0x000000e215300000,0x000000e215400000) (1024K)]
  0x000002956196d790 WatcherThread "VM Periodic Task Thread"        [id=37180, stack(0x000000e215200000,0x000000e215300000) (1024K)]
  0x0000029547d3e890 WorkerThread "GC Thread#0"                     [id=27432, stack(0x000000e214d00000,0x000000e214e00000) (1024K)]
  0x0000029547d3efd0 WorkerThread "GC Thread#1"                     [id=65360, stack(0x000000e215f00000,0x000000e216000000) (1024K)]
  0x0000029547d3f710 WorkerThread "GC Thread#2"                     [id=58184, stack(0x000000e216000000,0x000000e216100000) (1024K)]
  0x0000029547d3f370 WorkerThread "GC Thread#3"                     [id=67496, stack(0x000000e216100000,0x000000e216200000) (1024K)]
  0x000002954a058120 ConcurrentGCThread "G1 Main Marker"            [id=66632, stack(0x000000e214e00000,0x000000e214f00000) (1024K)]
  0x0000029547d3fab0 WorkerThread "G1 Conc#0"                       [id=54700, stack(0x000000e214f00000,0x000000e215000000) (1024K)]
  0x000002954a0be990 ConcurrentGCThread "G1 Refine#0"               [id=64980, stack(0x000000e215000000,0x000000e215100000) (1024K)]
  0x00000295618406b0 ConcurrentGCThread "G1 Service"                [id=56888, stack(0x000000e215100000,0x000000e215200000) (1024K)]
Total: 10

Threads with active compile tasks:
C2 CompilerThread0  1228  753 %     4       java.util.zip.ZipFile$Source::initCEN @ 261 (612 bytes)
C1 CompilerThread0  1228  822   !   3       java.lang.ClassLoader::loadClass (121 bytes)
Total: 2

VM state: not at safepoint (normal execution)

VM Mutex/Monitor currently owned by a thread:  ([mutex/lock_event])
[0x00007ff81954fee8] MethodCompileQueue_lock - owner thread: 0x0000029561bdfb20
[0x00007ff819551368] CodeCache_lock - owner thread: 0x0000029561bdfb20
[0x00007ff8195514e8] Compile_lock - owner thread: 0x0000029561bdfb20

Heap address: 0x0000000084400000, size: 1980 MB, Compressed Oops mode: 32-bit

CDS archive(s) not mapped
Compressed class space mapped at: 0x0000000100000000-0x0000000140000000, reserved size: 1073741824
Narrow klass base: 0x0000000000000000, Narrow klass shift: 3, Narrow klass range: 0x140000000

GC Precious Log:
 CardTable entry size: 512
 Card Set container configuration: InlinePtr #cards 5 size 8 Array Of Cards #cards 12 size 40 Howl #buckets 4 coarsen threshold 1843 Howl Bitmap #cards 512 size 80 coarsen threshold 460 Card regions per heap region 1 cards per card region 2048
 CPUs: 12 total, 12 available
 Memory: 7916M
 Large Page Support: Disabled
 NUMA Support: Disabled
 Compressed Oops: Enabled (32-bit)
 Heap Region Size: 1M
 Heap Min Capacity: 8M
 Heap Initial Capacity: 124M
 Heap Max Capacity: 1980M
 Pre-touch: Disabled
 Parallel Workers: 10
 Concurrent Workers: 3
 Concurrent Refinement Workers: 10
 Periodic GC: Disabled

Heap:
 garbage-first heap   total 126976K, used 10520K [0x0000000084400000, 0x0000000100000000)
  region size 1024K, 9 young (9216K), 3 survivors (3072K)
 Metaspace       used 8957K, committed 9152K, reserved 1114112K
  class space    used 816K, committed 896K, reserved 1048576K

Heap Regions: E=young(eden), S=young(survivor), O=old, HS=humongous(starts), HC=humongous(continues), CS=collection set, F=free, TAMS=top-at-mark-start, PB=parsable bottom
|   0|0x0000000084400000, 0x0000000084446000, 0x0000000084500000| 27%| O|  |TAMS 0x0000000084400000| PB 0x0000000084400000| Untracked 
|   1|0x0000000084500000, 0x0000000084600000, 0x0000000084600000|100%|HS|  |TAMS 0x0000000084500000| PB 0x0000000084500000| Complete 
|   2|0x0000000084600000, 0x0000000084700000, 0x0000000084700000|100%|HC|  |TAMS 0x0000000084600000| PB 0x0000000084600000| Complete 
|   3|0x0000000084700000, 0x0000000084800000, 0x0000000084800000|100%|HC|  |TAMS 0x0000000084700000| PB 0x0000000084700000| Complete 
|   4|0x0000000084800000, 0x0000000084800000, 0x0000000084900000|  0%| F|  |TAMS 0x0000000084800000| PB 0x0000000084800000| Untracked 
|   5|0x0000000084900000, 0x0000000084900000, 0x0000000084a00000|  0%| F|  |TAMS 0x0000000084900000| PB 0x0000000084900000| Untracked 
|   6|0x0000000084a00000, 0x0000000084a00000, 0x0000000084b00000|  0%| F|  |TAMS 0x0000000084a00000| PB 0x0000000084a00000| Untracked 
|   7|0x0000000084b00000, 0x0000000084b00000, 0x0000000084c00000|  0%| F|  |TAMS 0x0000000084b00000| PB 0x0000000084b00000| Untracked 
|   8|0x0000000084c00000, 0x0000000084c00000, 0x0000000084d00000|  0%| F|  |TAMS 0x0000000084c00000| PB 0x0000000084c00000| Untracked 
|   9|0x0000000084d00000, 0x0000000084d00000, 0x0000000084e00000|  0%| F|  |TAMS 0x0000000084d00000| PB 0x0000000084d00000| Untracked 
|  10|0x0000000084e00000, 0x0000000084e00000, 0x0000000084f00000|  0%| F|  |TAMS 0x0000000084e00000| PB 0x0000000084e00000| Untracked 
|  11|0x0000000084f00000, 0x0000000084f00000, 0x0000000085000000|  0%| F|  |TAMS 0x0000000084f00000| PB 0x0000000084f00000| Untracked 
|  12|0x0000000085000000, 0x0000000085000000, 0x0000000085100000|  0%| F|  |TAMS 0x0000000085000000| PB 0x0000000085000000| Untracked 
|  13|0x0000000085100000, 0x0000000085100000, 0x0000000085200000|  0%| F|  |TAMS 0x0000000085100000| PB 0x0000000085100000| Untracked 
|  14|0x0000000085200000, 0x0000000085200000, 0x0000000085300000|  0%| F|  |TAMS 0x0000000085200000| PB 0x0000000085200000| Untracked 
|  15|0x0000000085300000, 0x0000000085300000, 0x0000000085400000|  0%| F|  |TAMS 0x0000000085300000| PB 0x0000000085300000| Untracked 
|  16|0x0000000085400000, 0x0000000085400000, 0x0000000085500000|  0%| F|  |TAMS 0x0000000085400000| PB 0x0000000085400000| Untracked 
|  17|0x0000000085500000, 0x0000000085500000, 0x0000000085600000|  0%| F|  |TAMS 0x0000000085500000| PB 0x0000000085500000| Untracked 
|  18|0x0000000085600000, 0x0000000085600000, 0x0000000085700000|  0%| F|  |TAMS 0x0000000085600000| PB 0x0000000085600000| Untracked 
|  19|0x0000000085700000, 0x0000000085700000, 0x0000000085800000|  0%| F|  |TAMS 0x0000000085700000| PB 0x0000000085700000| Untracked 
|  20|0x0000000085800000, 0x0000000085800000, 0x0000000085900000|  0%| F|  |TAMS 0x0000000085800000| PB 0x0000000085800000| Untracked 
|  21|0x0000000085900000, 0x0000000085900000, 0x0000000085a00000|  0%| F|  |TAMS 0x0000000085900000| PB 0x0000000085900000| Untracked 
|  22|0x0000000085a00000, 0x0000000085a00000, 0x0000000085b00000|  0%| F|  |TAMS 0x0000000085a00000| PB 0x0000000085a00000| Untracked 
|  23|0x0000000085b00000, 0x0000000085b00000, 0x0000000085c00000|  0%| F|  |TAMS 0x0000000085b00000| PB 0x0000000085b00000| Untracked 
|  24|0x0000000085c00000, 0x0000000085c00000, 0x0000000085d00000|  0%| F|  |TAMS 0x0000000085c00000| PB 0x0000000085c00000| Untracked 
|  25|0x0000000085d00000, 0x0000000085d00000, 0x0000000085e00000|  0%| F|  |TAMS 0x0000000085d00000| PB 0x0000000085d00000| Untracked 
|  26|0x0000000085e00000, 0x0000000085e00000, 0x0000000085f00000|  0%| F|  |TAMS 0x0000000085e00000| PB 0x0000000085e00000| Untracked 
|  27|0x0000000085f00000, 0x0000000085f00000, 0x0000000086000000|  0%| F|  |TAMS 0x0000000085f00000| PB 0x0000000085f00000| Untracked 
|  28|0x0000000086000000, 0x0000000086000000, 0x0000000086100000|  0%| F|  |TAMS 0x0000000086000000| PB 0x0000000086000000| Untracked 
|  29|0x0000000086100000, 0x0000000086100000, 0x0000000086200000|  0%| F|  |TAMS 0x0000000086100000| PB 0x0000000086100000| Untracked 
|  30|0x0000000086200000, 0x0000000086200000, 0x0000000086300000|  0%| F|  |TAMS 0x0000000086200000| PB 0x0000000086200000| Untracked 
|  31|0x0000000086300000, 0x0000000086300000, 0x0000000086400000|  0%| F|  |TAMS 0x0000000086300000| PB 0x0000000086300000| Untracked 
|  32|0x0000000086400000, 0x0000000086400000, 0x0000000086500000|  0%| F|  |TAMS 0x0000000086400000| PB 0x0000000086400000| Untracked 
|  33|0x0000000086500000, 0x0000000086500000, 0x0000000086600000|  0%| F|  |TAMS 0x0000000086500000| PB 0x0000000086500000| Untracked 
|  34|0x0000000086600000, 0x0000000086600000, 0x0000000086700000|  0%| F|  |TAMS 0x0000000086600000| PB 0x0000000086600000| Untracked 
|  35|0x0000000086700000, 0x0000000086700000, 0x0000000086800000|  0%| F|  |TAMS 0x0000000086700000| PB 0x0000000086700000| Untracked 
|  36|0x0000000086800000, 0x0000000086800000, 0x0000000086900000|  0%| F|  |TAMS 0x0000000086800000| PB 0x0000000086800000| Untracked 
|  37|0x0000000086900000, 0x0000000086900000, 0x0000000086a00000|  0%| F|  |TAMS 0x0000000086900000| PB 0x0000000086900000| Untracked 
|  38|0x0000000086a00000, 0x0000000086a00000, 0x0000000086b00000|  0%| F|  |TAMS 0x0000000086a00000| PB 0x0000000086a00000| Untracked 
|  39|0x0000000086b00000, 0x0000000086b00000, 0x0000000086c00000|  0%| F|  |TAMS 0x0000000086b00000| PB 0x0000000086b00000| Untracked 
|  40|0x0000000086c00000, 0x0000000086c00000, 0x0000000086d00000|  0%| F|  |TAMS 0x0000000086c00000| PB 0x0000000086c00000| Untracked 
|  41|0x0000000086d00000, 0x0000000086d00000, 0x0000000086e00000|  0%| F|  |TAMS 0x0000000086d00000| PB 0x0000000086d00000| Untracked 
|  42|0x0000000086e00000, 0x0000000086e00000, 0x0000000086f00000|  0%| F|  |TAMS 0x0000000086e00000| PB 0x0000000086e00000| Untracked 
|  43|0x0000000086f00000, 0x0000000086f00000, 0x0000000087000000|  0%| F|  |TAMS 0x0000000086f00000| PB 0x0000000086f00000| Untracked 
|  44|0x0000000087000000, 0x0000000087000000, 0x0000000087100000|  0%| F|  |TAMS 0x0000000087000000| PB 0x0000000087000000| Untracked 
|  45|0x0000000087100000, 0x0000000087100000, 0x0000000087200000|  0%| F|  |TAMS 0x0000000087100000| PB 0x0000000087100000| Untracked 
|  46|0x0000000087200000, 0x0000000087200000, 0x0000000087300000|  0%| F|  |TAMS 0x0000000087200000| PB 0x0000000087200000| Untracked 
|  47|0x0000000087300000, 0x0000000087300000, 0x0000000087400000|  0%| F|  |TAMS 0x0000000087300000| PB 0x0000000087300000| Untracked 
|  48|0x0000000087400000, 0x0000000087400000, 0x0000000087500000|  0%| F|  |TAMS 0x0000000087400000| PB 0x0000000087400000| Untracked 
|  49|0x0000000087500000, 0x0000000087500000, 0x0000000087600000|  0%| F|  |TAMS 0x0000000087500000| PB 0x0000000087500000| Untracked 
|  50|0x0000000087600000, 0x0000000087600000, 0x0000000087700000|  0%| F|  |TAMS 0x0000000087600000| PB 0x0000000087600000| Untracked 
|  51|0x0000000087700000, 0x0000000087700000, 0x0000000087800000|  0%| F|  |TAMS 0x0000000087700000| PB 0x0000000087700000| Untracked 
|  52|0x0000000087800000, 0x0000000087800000, 0x0000000087900000|  0%| F|  |TAMS 0x0000000087800000| PB 0x0000000087800000| Untracked 
|  53|0x0000000087900000, 0x0000000087900000, 0x0000000087a00000|  0%| F|  |TAMS 0x0000000087900000| PB 0x0000000087900000| Untracked 
|  54|0x0000000087a00000, 0x0000000087a00000, 0x0000000087b00000|  0%| F|  |TAMS 0x0000000087a00000| PB 0x0000000087a00000| Untracked 
|  55|0x0000000087b00000, 0x0000000087b00000, 0x0000000087c00000|  0%| F|  |TAMS 0x0000000087b00000| PB 0x0000000087b00000| Untracked 
|  56|0x0000000087c00000, 0x0000000087c00000, 0x0000000087d00000|  0%| F|  |TAMS 0x0000000087c00000| PB 0x0000000087c00000| Untracked 
|  57|0x0000000087d00000, 0x0000000087d00000, 0x0000000087e00000|  0%| F|  |TAMS 0x0000000087d00000| PB 0x0000000087d00000| Untracked 
|  58|0x0000000087e00000, 0x0000000087e00000, 0x0000000087f00000|  0%| F|  |TAMS 0x0000000087e00000| PB 0x0000000087e00000| Untracked 
|  59|0x0000000087f00000, 0x0000000087f00000, 0x0000000088000000|  0%| F|  |TAMS 0x0000000087f00000| PB 0x0000000087f00000| Untracked 
|  60|0x0000000088000000, 0x0000000088000000, 0x0000000088100000|  0%| F|  |TAMS 0x0000000088000000| PB 0x0000000088000000| Untracked 
|  61|0x0000000088100000, 0x0000000088100000, 0x0000000088200000|  0%| F|  |TAMS 0x0000000088100000| PB 0x0000000088100000| Untracked 
|  62|0x0000000088200000, 0x0000000088200000, 0x0000000088300000|  0%| F|  |TAMS 0x0000000088200000| PB 0x0000000088200000| Untracked 
|  63|0x0000000088300000, 0x0000000088300000, 0x0000000088400000|  0%| F|  |TAMS 0x0000000088300000| PB 0x0000000088300000| Untracked 
|  64|0x0000000088400000, 0x0000000088400000, 0x0000000088500000|  0%| F|  |TAMS 0x0000000088400000| PB 0x0000000088400000| Untracked 
|  65|0x0000000088500000, 0x0000000088500000, 0x0000000088600000|  0%| F|  |TAMS 0x0000000088500000| PB 0x0000000088500000| Untracked 
|  66|0x0000000088600000, 0x0000000088600000, 0x0000000088700000|  0%| F|  |TAMS 0x0000000088600000| PB 0x0000000088600000| Untracked 
|  67|0x0000000088700000, 0x0000000088700000, 0x0000000088800000|  0%| F|  |TAMS 0x0000000088700000| PB 0x0000000088700000| Untracked 
|  68|0x0000000088800000, 0x0000000088800000, 0x0000000088900000|  0%| F|  |TAMS 0x0000000088800000| PB 0x0000000088800000| Untracked 
|  69|0x0000000088900000, 0x0000000088900000, 0x0000000088a00000|  0%| F|  |TAMS 0x0000000088900000| PB 0x0000000088900000| Untracked 
|  70|0x0000000088a00000, 0x0000000088a00000, 0x0000000088b00000|  0%| F|  |TAMS 0x0000000088a00000| PB 0x0000000088a00000| Untracked 
|  71|0x0000000088b00000, 0x0000000088b00000, 0x0000000088c00000|  0%| F|  |TAMS 0x0000000088b00000| PB 0x0000000088b00000| Untracked 
|  72|0x0000000088c00000, 0x0000000088c00000, 0x0000000088d00000|  0%| F|  |TAMS 0x0000000088c00000| PB 0x0000000088c00000| Untracked 
|  73|0x0000000088d00000, 0x0000000088d00000, 0x0000000088e00000|  0%| F|  |TAMS 0x0000000088d00000| PB 0x0000000088d00000| Untracked 
|  74|0x0000000088e00000, 0x0000000088e00000, 0x0000000088f00000|  0%| F|  |TAMS 0x0000000088e00000| PB 0x0000000088e00000| Untracked 
|  75|0x0000000088f00000, 0x0000000088f00000, 0x0000000089000000|  0%| F|  |TAMS 0x0000000088f00000| PB 0x0000000088f00000| Untracked 
|  76|0x0000000089000000, 0x0000000089000000, 0x0000000089100000|  0%| F|  |TAMS 0x0000000089000000| PB 0x0000000089000000| Untracked 
|  77|0x0000000089100000, 0x0000000089100000, 0x0000000089200000|  0%| F|  |TAMS 0x0000000089100000| PB 0x0000000089100000| Untracked 
|  78|0x0000000089200000, 0x0000000089200000, 0x0000000089300000|  0%| F|  |TAMS 0x0000000089200000| PB 0x0000000089200000| Untracked 
|  79|0x0000000089300000, 0x0000000089300000, 0x0000000089400000|  0%| F|  |TAMS 0x0000000089300000| PB 0x0000000089300000| Untracked 
|  80|0x0000000089400000, 0x0000000089400000, 0x0000000089500000|  0%| F|  |TAMS 0x0000000089400000| PB 0x0000000089400000| Untracked 
|  81|0x0000000089500000, 0x0000000089500000, 0x0000000089600000|  0%| F|  |TAMS 0x0000000089500000| PB 0x0000000089500000| Untracked 
|  82|0x0000000089600000, 0x0000000089600000, 0x0000000089700000|  0%| F|  |TAMS 0x0000000089600000| PB 0x0000000089600000| Untracked 
|  83|0x0000000089700000, 0x0000000089700000, 0x0000000089800000|  0%| F|  |TAMS 0x0000000089700000| PB 0x0000000089700000| Untracked 
|  84|0x0000000089800000, 0x0000000089800000, 0x0000000089900000|  0%| F|  |TAMS 0x0000000089800000| PB 0x0000000089800000| Untracked 
|  85|0x0000000089900000, 0x0000000089900000, 0x0000000089a00000|  0%| F|  |TAMS 0x0000000089900000| PB 0x0000000089900000| Untracked 
|  86|0x0000000089a00000, 0x0000000089a00000, 0x0000000089b00000|  0%| F|  |TAMS 0x0000000089a00000| PB 0x0000000089a00000| Untracked 
|  87|0x0000000089b00000, 0x0000000089b00000, 0x0000000089c00000|  0%| F|  |TAMS 0x0000000089b00000| PB 0x0000000089b00000| Untracked 
|  88|0x0000000089c00000, 0x0000000089c00000, 0x0000000089d00000|  0%| F|  |TAMS 0x0000000089c00000| PB 0x0000000089c00000| Untracked 
|  89|0x0000000089d00000, 0x0000000089d00000, 0x0000000089e00000|  0%| F|  |TAMS 0x0000000089d00000| PB 0x0000000089d00000| Untracked 
|  90|0x0000000089e00000, 0x0000000089e00000, 0x0000000089f00000|  0%| F|  |TAMS 0x0000000089e00000| PB 0x0000000089e00000| Untracked 
|  91|0x0000000089f00000, 0x0000000089f00000, 0x000000008a000000|  0%| F|  |TAMS 0x0000000089f00000| PB 0x0000000089f00000| Untracked 
|  92|0x000000008a000000, 0x000000008a000000, 0x000000008a100000|  0%| F|  |TAMS 0x000000008a000000| PB 0x000000008a000000| Untracked 
|  93|0x000000008a100000, 0x000000008a100000, 0x000000008a200000|  0%| F|  |TAMS 0x000000008a100000| PB 0x000000008a100000| Untracked 
|  94|0x000000008a200000, 0x000000008a200000, 0x000000008a300000|  0%| F|  |TAMS 0x000000008a200000| PB 0x000000008a200000| Untracked 
|  95|0x000000008a300000, 0x000000008a300000, 0x000000008a400000|  0%| F|  |TAMS 0x000000008a300000| PB 0x000000008a300000| Untracked 
|  96|0x000000008a400000, 0x000000008a400000, 0x000000008a500000|  0%| F|  |TAMS 0x000000008a400000| PB 0x000000008a400000| Untracked 
|  97|0x000000008a500000, 0x000000008a500000, 0x000000008a600000|  0%| F|  |TAMS 0x000000008a500000| PB 0x000000008a500000| Untracked 
|  98|0x000000008a600000, 0x000000008a700000, 0x000000008a700000|100%| S|CS|TAMS 0x000000008a600000| PB 0x000000008a600000| Complete 
|  99|0x000000008a700000, 0x000000008a800000, 0x000000008a800000|100%| S|CS|TAMS 0x000000008a700000| PB 0x000000008a700000| Complete 
| 100|0x000000008a800000, 0x000000008a900000, 0x000000008a900000|100%| S|CS|TAMS 0x000000008a800000| PB 0x000000008a800000| Complete 
| 101|0x000000008a900000, 0x000000008a900000, 0x000000008aa00000|  0%| F|  |TAMS 0x000000008a900000| PB 0x000000008a900000| Untracked 
| 102|0x000000008aa00000, 0x000000008aa00000, 0x000000008ab00000|  0%| F|  |TAMS 0x000000008aa00000| PB 0x000000008aa00000| Untracked 
| 103|0x000000008ab00000, 0x000000008ab00000, 0x000000008ac00000|  0%| F|  |TAMS 0x000000008ab00000| PB 0x000000008ab00000| Untracked 
| 104|0x000000008ac00000, 0x000000008ac00000, 0x000000008ad00000|  0%| F|  |TAMS 0x000000008ac00000| PB 0x000000008ac00000| Untracked 
| 105|0x000000008ad00000, 0x000000008ad00000, 0x000000008ae00000|  0%| F|  |TAMS 0x000000008ad00000| PB 0x000000008ad00000| Untracked 
| 106|0x000000008ae00000, 0x000000008ae00000, 0x000000008af00000|  0%| F|  |TAMS 0x000000008ae00000| PB 0x000000008ae00000| Untracked 
| 107|0x000000008af00000, 0x000000008af00000, 0x000000008b000000|  0%| F|  |TAMS 0x000000008af00000| PB 0x000000008af00000| Untracked 
| 108|0x000000008b000000, 0x000000008b000000, 0x000000008b100000|  0%| F|  |TAMS 0x000000008b000000| PB 0x000000008b000000| Untracked 
| 109|0x000000008b100000, 0x000000008b100000, 0x000000008b200000|  0%| F|  |TAMS 0x000000008b100000| PB 0x000000008b100000| Untracked 
| 110|0x000000008b200000, 0x000000008b200000, 0x000000008b300000|  0%| F|  |TAMS 0x000000008b200000| PB 0x000000008b200000| Untracked 
| 111|0x000000008b300000, 0x000000008b300000, 0x000000008b400000|  0%| F|  |TAMS 0x000000008b300000| PB 0x000000008b300000| Untracked 
| 112|0x000000008b400000, 0x000000008b400000, 0x000000008b500000|  0%| F|  |TAMS 0x000000008b400000| PB 0x000000008b400000| Untracked 
| 113|0x000000008b500000, 0x000000008b500000, 0x000000008b600000|  0%| F|  |TAMS 0x000000008b500000| PB 0x000000008b500000| Untracked 
| 114|0x000000008b600000, 0x000000008b600000, 0x000000008b700000|  0%| F|  |TAMS 0x000000008b600000| PB 0x000000008b600000| Untracked 
| 115|0x000000008b700000, 0x000000008b700000, 0x000000008b800000|  0%| F|  |TAMS 0x000000008b700000| PB 0x000000008b700000| Untracked 
| 116|0x000000008b800000, 0x000000008b800000, 0x000000008b900000|  0%| F|  |TAMS 0x000000008b800000| PB 0x000000008b800000| Untracked 
| 117|0x000000008b900000, 0x000000008b900000, 0x000000008ba00000|  0%| F|  |TAMS 0x000000008b900000| PB 0x000000008b900000| Untracked 
| 118|0x000000008ba00000, 0x000000008bac6bb0, 0x000000008bb00000| 77%| E|  |TAMS 0x000000008ba00000| PB 0x000000008ba00000| Complete 
| 119|0x000000008bb00000, 0x000000008bc00000, 0x000000008bc00000|100%| E|CS|TAMS 0x000000008bb00000| PB 0x000000008bb00000| Complete 
| 120|0x000000008bc00000, 0x000000008bd00000, 0x000000008bd00000|100%| E|  |TAMS 0x000000008bc00000| PB 0x000000008bc00000| Complete 
| 121|0x000000008bd00000, 0x000000008be00000, 0x000000008be00000|100%| E|CS|TAMS 0x000000008bd00000| PB 0x000000008bd00000| Complete 
| 122|0x000000008be00000, 0x000000008bf00000, 0x000000008bf00000|100%| E|CS|TAMS 0x000000008be00000| PB 0x000000008be00000| Complete 
| 123|0x000000008bf00000, 0x000000008c000000, 0x000000008c000000|100%| E|CS|TAMS 0x000000008bf00000| PB 0x000000008bf00000| Complete 

Card table byte_map: [0x000002955ca80000,0x000002955ce60000] _byte_map_base: 0x000002955c65e000

Marking Bits: (CMBitMap*) 0x000002954a0480c0
 Bits: [0x000002955ce60000, 0x000002955ed50000)

Polling page: 0x0000029547d20000

Metaspace:

Usage:
  Non-class:      7.98 MB used.
      Class:    823.39 KB used.
       Both:      8.78 MB used.

Virtual space:
  Non-class space:       64.00 MB reserved,       8.06 MB ( 13%) committed,  1 nodes.
      Class space:        1.00 GB reserved,     896.00 KB ( <1%) committed,  1 nodes.
             Both:        1.06 GB reserved,       8.94 MB ( <1%) committed. 

Chunk freelists:
   Non-Class:  7.95 MB
       Class:  15.14 MB
        Both:  23.09 MB

MaxMetaspaceSize: unlimited
CompressedClassSpaceSize: 1.00 GB
Initial GC threshold: 21.00 MB
Current GC threshold: 21.00 MB
CDS: off
 - commit_granule_bytes: 65536.
 - commit_granule_words: 8192.
 - virtual_space_node_default_size: 8388608.
 - enlarge_chunks_in_place: 1.
 - use_allocation_guard: 0.


Internal statistics:

num_allocs_failed_limit: 0.
num_arena_births: 28.
num_arena_deaths: 0.
num_vsnodes_births: 2.
num_vsnodes_deaths: 0.
num_space_committed: 143.
num_space_uncommitted: 0.
num_chunks_returned_to_freelist: 0.
num_chunks_taken_from_freelist: 85.
num_chunk_merges: 0.
num_chunk_splits: 47.
num_chunks_enlarged: 34.
num_inconsistent_stats: 0.

CodeHeap 'non-profiled nmethods': size=120000Kb used=343Kb max_used=343Kb free=119656Kb
 bounds [0x0000029554c20000, 0x0000029554e90000, 0x000002955c150000]
CodeHeap 'profiled nmethods': size=120000Kb used=1479Kb max_used=1479Kb free=118520Kb
 bounds [0x000002954d150000, 0x000002954d3c0000, 0x0000029554680000]
CodeHeap 'non-nmethods': size=5760Kb used=1300Kb max_used=1320Kb free=4459Kb
 bounds [0x0000029554680000, 0x00000295548f0000, 0x0000029554c20000]
 total_blobs=1253 nmethods=823 adapters=335
 compilation: enabled
              stopped_count=0, restarted_count=0
 full_count=0

Compilation events (20 events):
Event: 1.154 Thread 0x0000029561bdfb20 nmethod 761 0x000002954d2a3d90 code [0x000002954d2a3f20, 0x000002954d2a4018]
Event: 1.155 Thread 0x0000029561bdfb20  762       3       java.util.zip.Inflater::<init> (28 bytes)
Event: 1.155 Thread 0x0000029561bdfb20 nmethod 762 0x000002954d2a4090 code [0x000002954d2a4280, 0x000002954d2a4758]
Event: 1.155 Thread 0x0000029561bdfb20  763       3       java.util.zip.Inflater$InflaterZStreamRef::<init> (30 bytes)
Event: 1.156 Thread 0x0000029561bdfb20 nmethod 763 0x000002954d2a4910 code [0x000002954d2a4ae0, 0x000002954d2a4da8]
Event: 1.156 Thread 0x0000029561bdfb20  764       3       java.lang.ref.WeakReference::<init> (6 bytes)
Event: 1.156 Thread 0x00000295661b3520 nmethod 751 0x0000029554c6a990 code [0x0000029554c6abe0, 0x0000029554c6b8f0]
Event: 1.156 Thread 0x00000295661b3520  758       4       java.nio.DirectLongBufferU::ix (10 bytes)
Event: 1.156 Thread 0x0000029561bdfb20 nmethod 764 0x000002954d2a4f10 code [0x000002954d2a50e0, 0x000002954d2a53e8]
Event: 1.156 Thread 0x0000029561bdfb20  765       3       java.net.URL::toString (5 bytes)
Event: 1.157 Thread 0x00000295661b3520 nmethod 758 0x0000029554c6c210 code [0x0000029554c6c3a0, 0x0000029554c6c430]
Event: 1.157 Thread 0x0000029561bdfb20 nmethod 765 0x000002954d2a5510 code [0x000002954d2a56c0, 0x000002954d2a58f0]
Event: 1.157 Thread 0x0000029561bdfb20  766       3       java.net.URL::getDefaultPort (8 bytes)
Event: 1.157 Thread 0x0000029561bdfb20 nmethod 766 0x000002954d2a5a10 code [0x000002954d2a5bc0, 0x000002954d2a5da8]
Event: 1.157 Thread 0x0000029561bdfb20  767       3       java.lang.String::hashCode (60 bytes)
Event: 1.158 Thread 0x0000029561bdfb20 nmethod 767 0x000002954d2a5e90 code [0x000002954d2a6060, 0x000002954d2a63a0]
Event: 1.158 Thread 0x0000029561bdfb20  768       3       java.util.HashMap::putIfAbsent (13 bytes)
Event: 1.158 Thread 0x0000029561bdfb20 nmethod 768 0x000002954d2a6490 code [0x000002954d2a6660, 0x000002954d2a6960]
Event: 1.158 Thread 0x0000029561bdfb20  769       3       sun.net.www.protocol.jar.Handler::checkNestedProtocol (18 bytes)
Event: 1.158 Thread 0x0000029561bdfb20 nmethod 769 0x000002954d2a6a90 code [0x000002954d2a6c40, 0x000002954d2a6e18]

GC Heap History (2 events):
Event: 0.919 GC heap before
{Heap before GC invocations=0 (full 0):
 garbage-first heap   total 126976K, used 22528K [0x0000000084400000, 0x0000000100000000)
  region size 1024K, 23 young (23552K), 0 survivors (0K)
 Metaspace       used 8659K, committed 8896K, reserved 1114112K
  class space    used 777K, committed 896K, reserved 1048576K
}
Event: 0.927 GC heap after
{Heap after GC invocations=1 (full 0):
 garbage-first heap   total 126976K, used 3352K [0x0000000084400000, 0x0000000100000000)
  region size 1024K, 3 young (3072K), 3 survivors (3072K)
 Metaspace       used 8659K, committed 8896K, reserved 1114112K
  class space    used 777K, committed 896K, reserved 1048576K
}

Dll operation events (3 events):
Event: 0.004 Loaded shared library C:\Program Files\Android\Android Studio\jbr\bin\java.dll
Event: 0.008 Loaded shared library C:\Program Files\Android\Android Studio\jbr\bin\zip.dll
Event: 0.100 Loaded shared library C:\Program Files\Android\Android Studio\jbr\bin\verify.dll

Deoptimization events (20 events):
Event: 1.133 Thread 0x0000029549ff33f0 Uncommon trap: trap_request=0xffffff45 fr.pc=0x0000029554c64898 relative=0x0000000000000a58
Event: 1.133 Thread 0x0000029549ff33f0 Uncommon trap: reason=unstable_if action=reinterpret pc=0x0000029554c64898 method=java.util.zip.ZipCoder$UTF8ZipCoder.checkedHash([BII)I @ 27 c2
Event: 1.133 Thread 0x0000029549ff33f0 DEOPT PACKING pc=0x0000029554c64898 sp=0x000000e214cfc200
Event: 1.133 Thread 0x0000029549ff33f0 DEOPT UNPACKING pc=0x00000295546d46a2 sp=0x000000e214cfc0c0 mode 2
Event: 1.133 Thread 0x0000029549ff33f0 Uncommon trap: trap_request=0xffffff45 fr.pc=0x0000029554c35a4c relative=0x000000000000012c
Event: 1.133 Thread 0x0000029549ff33f0 Uncommon trap: reason=unstable_if action=reinterpret pc=0x0000029554c35a4c method=java.lang.StringCoding.countPositives([BII)I @ 17 c2
Event: 1.133 Thread 0x0000029549ff33f0 DEOPT PACKING pc=0x0000029554c35a4c sp=0x000000e214cfbf90
Event: 1.133 Thread 0x0000029549ff33f0 DEOPT UNPACKING pc=0x00000295546d46a2 sp=0x000000e214cfbf30 mode 2
Event: 1.134 Thread 0x0000029549ff33f0 Uncommon trap: trap_request=0xffffff45 fr.pc=0x0000029554c2bdfc relative=0x000000000000029c
Event: 1.134 Thread 0x0000029549ff33f0 Uncommon trap: reason=unstable_if action=reinterpret pc=0x0000029554c2bdfc method=java.lang.String.hashCode()I @ 20 c2
Event: 1.134 Thread 0x0000029549ff33f0 DEOPT PACKING pc=0x0000029554c2bdfc sp=0x000000e214cfc010
Event: 1.134 Thread 0x0000029549ff33f0 DEOPT UNPACKING pc=0x00000295546d46a2 sp=0x000000e214cfbfa0 mode 2
Event: 1.134 Thread 0x0000029549ff33f0 Uncommon trap: trap_request=0xffffff45 fr.pc=0x0000029554c41830 relative=0x0000000000000190
Event: 1.134 Thread 0x0000029549ff33f0 Uncommon trap: reason=unstable_if action=reinterpret pc=0x0000029554c41830 method=jdk.internal.util.ArraysSupport.vectorizedHashCode(Ljava/lang/Object;IIII)I @ 2 c2
Event: 1.134 Thread 0x0000029549ff33f0 DEOPT PACKING pc=0x0000029554c41830 sp=0x000000e214cfbf10
Event: 1.134 Thread 0x0000029549ff33f0 DEOPT UNPACKING pc=0x00000295546d46a2 sp=0x000000e214cfbec0 mode 2
Event: 1.134 Thread 0x0000029549ff33f0 Uncommon trap: trap_request=0xffffff45 fr.pc=0x0000029554c65bbc relative=0x000000000000017c
Event: 1.134 Thread 0x0000029549ff33f0 Uncommon trap: reason=unstable_if action=reinterpret pc=0x0000029554c65bbc method=java.util.zip.ZipFile$Source.isMetaName([BII)Z @ 57 c2
Event: 1.134 Thread 0x0000029549ff33f0 DEOPT PACKING pc=0x0000029554c65bbc sp=0x000000e214cfc220
Event: 1.134 Thread 0x0000029549ff33f0 DEOPT UNPACKING pc=0x00000295546d46a2 sp=0x000000e214cfc1b0 mode 2

Classes loaded (20 events):
Event: 0.405 Loading class java/util/Collections$UnmodifiableCollection$1
Event: 0.405 Loading class java/util/Collections$UnmodifiableCollection$1 done
Event: 0.406 Loading class java/util/Collections$SingletonSet
Event: 0.406 Loading class java/util/Collections$SingletonSet done
Event: 0.406 Loading class java/util/Collections$1
Event: 0.406 Loading class java/util/Collections$1 done
Event: 0.407 Loading class java/lang/invoke/DirectMethodHandle$Special
Event: 0.407 Loading class java/lang/invoke/DirectMethodHandle$Special done
Event: 0.784 Loading class java/util/TreeSet
Event: 0.784 Loading class java/util/NavigableSet
Event: 0.784 Loading class java/util/SortedSet
Event: 0.785 Loading class java/util/SortedSet done
Event: 0.785 Loading class java/util/NavigableSet done
Event: 0.785 Loading class java/util/TreeSet done
Event: 0.785 Loading class java/util/TreeMap$KeySet
Event: 0.785 Loading class java/util/TreeMap$KeySet done
Event: 0.785 Loading class java/util/TreeMap$KeyIterator
Event: 0.785 Loading class java/util/TreeMap$PrivateEntryIterator
Event: 0.785 Loading class java/util/TreeMap$PrivateEntryIterator done
Event: 0.785 Loading class java/util/TreeMap$KeyIterator done

Classes unloaded (0 events):
No events

Classes redefined (0 events):
No events

Internal exceptions (2 events):
Event: 0.234 Thread 0x0000029549ff33f0 Exception <a 'java/lang/NoSuchMethodError'{0x000000008bc64458}: 'void java.lang.invoke.DirectMethodHandle$Holder.invokeSpecial(java.lang.Object, java.lang.Object, java.lang.Object)'> (0x000000008bc64458) 
thrown [s\src\hotspot\share\interpreter\linkResolver.cpp, line 784]
Event: 0.407 Thread 0x0000029549ff33f0 Exception <a 'java/lang/NoSuchMethodError'{0x000000008bb9c340}: 'int java.lang.invoke.DirectMethodHandle$Holder.invokeSpecial(java.lang.Object, java.lang.Object, java.lang.Object, java.lang.Object)'> (0x000000008bb9c340) 
thrown [s\src\hotspot\share\interpreter\linkResolver.cpp, line 784]

ZGC Phase Switch (0 events):
No events

VM Operations (4 events):
Event: 0.093 Executing VM operation: HandshakeAllThreads (Deoptimize)
Event: 0.093 Executing VM operation: HandshakeAllThreads (Deoptimize) done
Event: 0.919 Executing VM operation: G1CollectForAllocation (G1 Evacuation Pause)
Event: 0.927 Executing VM operation: G1CollectForAllocation (G1 Evacuation Pause) done

Memory protections (0 events):
No events

Nmethod flushes (0 events):
No events

Events (16 events):
Event: 0.008 Thread 0x0000029549ff33f0 Thread added: 0x0000029549ff33f0
Event: 0.035 Thread 0x0000029549ff33f0 Thread added: 0x0000029561b7ee80
Event: 0.039 Thread 0x0000029549ff33f0 Thread added: 0x0000029561b98200
Event: 0.039 Thread 0x0000029549ff33f0 Thread added: 0x0000029561b98c60
Event: 0.039 Thread 0x0000029549ff33f0 Thread added: 0x0000029561bb70d0
Event: 0.039 Thread 0x0000029549ff33f0 Thread added: 0x0000029561bb7b30
Event: 0.039 Thread 0x0000029549ff33f0 Thread added: 0x0000029561bb8ba0
Event: 0.039 Thread 0x0000029549ff33f0 Thread added: 0x0000029561bda650
Event: 0.040 Thread 0x0000029549ff33f0 Thread added: 0x0000029561bdf080
Event: 0.040 Thread 0x0000029549ff33f0 Thread added: 0x0000029561bdfb20
Event: 0.057 Thread 0x0000029549ff33f0 Thread added: 0x0000029561d881c0
Event: 0.072 Loaded shared library C:\Program Files\Android\Android Studio\jbr\bin\net.dll
Event: 0.076 Loaded shared library C:\Program Files\Android\Android Studio\jbr\bin\nio.dll
Event: 0.089 Loaded shared library C:\Program Files\Android\Android Studio\jbr\bin\zip.dll
Event: 0.143 Loaded shared library C:\Program Files\Android\Android Studio\jbr\bin\jimage.dll
Event: 0.778 Thread 0x0000029561bdf080 Thread added: 0x00000295661b3520


Dynamic libraries:
0x00007ff6ae420000 - 0x00007ff6ae42a000 	C:\Program Files\Android\Android Studio\jbr\bin\java.exe
0x00007ff862810000 - 0x00007ff862a08000 	C:\Windows\SYSTEM32\ntdll.dll
0x00007ff860c20000 - 0x00007ff860ce2000 	C:\Windows\System32\KERNEL32.DLL
0x00007ff8600d0000 - 0x00007ff8603c6000 	C:\Windows\System32\KERNELBASE.dll
0x00007ff85ff50000 - 0x00007ff860050000 	C:\Windows\System32\ucrtbase.dll
0x00007ff855d80000 - 0x00007ff855d98000 	C:\Program Files\Android\Android Studio\jbr\bin\jli.dll
0x00007ff857ee0000 - 0x00007ff857efb000 	C:\Program Files\Android\Android Studio\jbr\bin\VCRUNTIME140.dll
0x00007ff860d50000 - 0x00007ff860ef1000 	C:\Windows\System32\USER32.dll
0x00007ff8604e0000 - 0x00007ff860502000 	C:\Windows\System32\win32u.dll
0x00007ff84c050000 - 0x00007ff84c2eb000 	C:\Windows\WinSxS\amd64_microsoft.windows.common-controls_6595b64144ccf1df_6.0.19041.6456_none_60b8a6cb71f64256\COMCTL32.dll
0x00007ff860f10000 - 0x00007ff860fae000 	C:\Windows\System32\msvcrt.dll
0x00007ff861390000 - 0x00007ff8613bb000 	C:\Windows\System32\GDI32.dll
0x00007ff860670000 - 0x00007ff860789000 	C:\Windows\System32\gdi32full.dll
0x00007ff860790000 - 0x00007ff86082d000 	C:\Windows\System32\msvcp_win.dll
0x00007ff861220000 - 0x00007ff86124f000 	C:\Windows\System32\IMM32.DLL
0x00007ff859bc0000 - 0x00007ff859bcc000 	C:\Program Files\Android\Android Studio\jbr\bin\vcruntime140_1.dll
0x00007ff8364a0000 - 0x00007ff83652d000 	C:\Program Files\Android\Android Studio\jbr\bin\msvcp140.dll
0x00007ff8189a0000 - 0x00007ff81962e000 	C:\Program Files\Android\Android Studio\jbr\bin\server\jvm.dll
0x00007ff8613c0000 - 0x00007ff861471000 	C:\Windows\System32\ADVAPI32.dll
0x00007ff861db0000 - 0x00007ff861e4f000 	C:\Windows\System32\sechost.dll
0x00007ff862630000 - 0x00007ff862750000 	C:\Windows\System32\RPCRT4.dll
0x00007ff8604b0000 - 0x00007ff8604d7000 	C:\Windows\System32\bcrypt.dll
0x00007ff861e50000 - 0x00007ff861ebb000 	C:\Windows\System32\WS2_32.dll
0x00007ff84c950000 - 0x00007ff84c95a000 	C:\Windows\SYSTEM32\VERSION.dll
0x00007ff85fd00000 - 0x00007ff85fd4b000 	C:\Windows\SYSTEM32\POWRPROF.dll
0x00007ff851910000 - 0x00007ff851937000 	C:\Windows\SYSTEM32\WINMM.dll
0x00007ff85fce0000 - 0x00007ff85fcf2000 	C:\Windows\SYSTEM32\UMPDC.dll
0x00007ff85e670000 - 0x00007ff85e682000 	C:\Windows\SYSTEM32\kernel.appcore.dll
0x00007ff859ba0000 - 0x00007ff859baa000 	C:\Program Files\Android\Android Studio\jbr\bin\jimage.dll
0x00007ff85da50000 - 0x00007ff85dc51000 	C:\Windows\SYSTEM32\DBGHELP.DLL
0x00007ff841870000 - 0x00007ff8418a4000 	C:\Windows\SYSTEM32\dbgcore.DLL
0x00007ff860420000 - 0x00007ff8604a2000 	C:\Windows\System32\bcryptPrimitives.dll
0x00007ff857e30000 - 0x00007ff857e50000 	C:\Program Files\Android\Android Studio\jbr\bin\java.dll
0x00007ff857600000 - 0x00007ff857618000 	C:\Program Files\Android\Android Studio\jbr\bin\zip.dll
0x00007ff861ec0000 - 0x00007ff862630000 	C:\Windows\System32\SHELL32.dll
0x00007ff85deb0000 - 0x00007ff85e655000 	C:\Windows\SYSTEM32\windows.storage.dll
0x00007ff8608c0000 - 0x00007ff860c14000 	C:\Windows\System32\combase.dll
0x00007ff85f710000 - 0x00007ff85f73b000 	C:\Windows\SYSTEM32\Wldp.dll
0x00007ff860fd0000 - 0x00007ff86109d000 	C:\Windows\System32\OLEAUT32.dll
0x00007ff861ca0000 - 0x00007ff861d4d000 	C:\Windows\System32\SHCORE.dll
0x00007ff860cf0000 - 0x00007ff860d4b000 	C:\Windows\System32\shlwapi.dll
0x00007ff85fdd0000 - 0x00007ff85fdf4000 	C:\Windows\SYSTEM32\profapi.dll
0x00007ff858400000 - 0x00007ff858410000 	C:\Program Files\Android\Android Studio\jbr\bin\net.dll
0x00007ff857b30000 - 0x00007ff857c3a000 	C:\Windows\SYSTEM32\WINHTTP.dll
0x00007ff85f4f0000 - 0x00007ff85f55a000 	C:\Windows\system32\mswsock.dll
0x00007ff857200000 - 0x00007ff857216000 	C:\Program Files\Android\Android Studio\jbr\bin\nio.dll
0x00007ff855bd0000 - 0x00007ff855be0000 	C:\Program Files\Android\Android Studio\jbr\bin\verify.dll

dbghelp: loaded successfully - version: 4.0.5 - missing functions: none
symbol engine: initialized successfully - sym options: 0x614 - pdb path: .;C:\Program Files\Android\Android Studio\jbr\bin;C:\Windows\SYSTEM32;C:\Windows\WinSxS\amd64_microsoft.windows.common-controls_6595b64144ccf1df_6.0.19041.6456_none_60b8a6cb71f64256;C:\Program Files\Android\Android Studio\jbr\bin\server

VM Arguments:
jvm_args: -Dorg.gradle.appname=gradlew 
java_command: org.gradle.wrapper.GradleWrapperMain -q -Ptarget-platform=android-arm64 -Ptarget=D:\my_fyp_project\lib\main.dart -Pbase-application-name=android.app.Application -Pdart-defines=Zmx1dHRlci5pbnNwZWN0b3Iuc3RydWN0dXJlZEVycm9ycz10cnVl,RkxVVFRFUl9WRVJTSU9OPTMuMzUuMw==,RkxVVFRFUl9DSEFOTkVMPXN0YWJsZQ==,RkxVVFRFUl9HSVRfVVJMPWh0dHBzOi8vZ2l0aHViLmNvbS9mbHV0dGVyL2ZsdXR0ZXIuZ2l0,RkxVVFRFUl9GUkFNRVdPUktfUkVWSVNJT049YTQwMmQ5YTQzNw==,RkxVVFRFUl9FTkdJTkVfUkVWSVNJT049ZGRmNDdkZDNmZg==,RkxVVFRFUl9EQVJUX1ZFUlNJT049My45LjI= -Pdart-obfuscation=false -Ptrack-widget-creation=true -Ptree-shake-icons=false -Pfilesystem-scheme=org-dartlang-root assembleDebug
java_class_path (initial): D:\my_fyp_project\android\\gradle\wrapper\gradle-wrapper.jar
Launcher Type: SUN_STANDARD

[Global flags]
     intx CICompilerCount                          = 4                                         {product} {ergonomic}
     uint ConcGCThreads                            = 3                                         {product} {ergonomic}
     uint G1ConcRefinementThreads                  = 10                                        {product} {ergonomic}
   size_t G1HeapRegionSize                         = 1048576                                   {product} {ergonomic}
    uintx GCDrainStackTargetSize                   = 64                                        {product} {ergonomic}
   size_t InitialHeapSize                          = 130023424                                 {product} {ergonomic}
   size_t MarkStackSize                            = 4194304                                   {product} {ergonomic}
   size_t MaxHeapSize                              = 2076180480                                {product} {ergonomic}
   size_t MaxNewSize                               = 1245708288                                {product} {ergonomic}
   size_t MinHeapDeltaBytes                        = 1048576                                   {product} {ergonomic}
   size_t MinHeapSize                              = 8388608                                   {product} {ergonomic}
    uintx NonNMethodCodeHeapSize                   = 5839372                                {pd product} {ergonomic}
    uintx NonProfiledCodeHeapSize                  = 122909434                              {pd product} {ergonomic}
    uintx ProfiledCodeHeapSize                     = 122909434                              {pd product} {ergonomic}
    uintx ReservedCodeCacheSize                    = 251658240                              {pd product} {ergonomic}
     bool SegmentedCodeCache                       = true                                      {product} {ergonomic}
   size_t SoftMaxHeapSize                          = 2076180480                             {manageable} {ergonomic}
     bool UseCompressedOops                        = true                           {product lp64_product} {ergonomic}
     bool UseG1GC                                  = true                                      {product} {ergonomic}
     bool UseLargePagesIndividualAllocation        = false                                  {pd product} {ergonomic}

Logging:
Log output configuration:
 #0: stdout all=warning uptime,level,tags foldmultilines=false
 #1: stderr all=off uptime,level,tags foldmultilines=false

Environment Variables:
JAVA_HOME=C:\Program Files\Android\Android Studio\jbr
CLASSPATH=D:\my_fyp_project\android\\gradle\wrapper\gradle-wrapper.jar
PATH=C:\Program Files\Android\Android Studio\jbr\bin;C:\Program Files\Eclipse Adoptium\jdk-17.0.18.8-hotspot\bin;D:\VMware\bin\;C:\Windows\system32;C:\Windows;C:\Windows\System32\Wbem;C:\Windows\System32\WindowsPowerShell\v1.0\;C:\Windows\System32\OpenSSH\;C:\Program Files\Git\cmd;C:\Program Files\nodejs\;C:\Program Files\Eclipse Adoptium\jdk-17.0.18.8-hotspot\bin;C:\Program Files\Eclipse Adoptium\jdk-17.0.18.8-hotspot\bin;C:\Users\PMLS\AppData\Local\Programs\Python\Python313\;C:\Users\PMLS\AppData\Local\Programs\Python\Launcher\;C:\Users\PMLS\AppData\Local\Microsoft\WindowsApps;C:\Users\PMLS\AppData\Local\Programs\Microsoft VS Code\bin;C:\Users\PMLS\AppData\Roaming\npm;E:\flutter\bin;C:\Users\PMLS\AppData\Local\Pub\Cache\bin;;E:\flutter\bin\mingit\cmd
USERNAME=PMYLS
OS=Windows_NT
PROCESSOR_IDENTIFIER=Intel64 Family 6 Model 154 Stepping 4, GenuineIntel
TMP=C:\Users\PMLS\AppData\Local\Temp
TEMP=C:\Users\PMLS\AppData\Local\Temp




Periodic native trim disabled

JNI global refs:
JNI global refs: 8, weak refs: 0

JNI global refs memory usage: 835, weak refs: 201

Process memory usage:
Resident Set Size: 81056K (0% of 8106488K total physical memory with 313612K free physical memory)

OOME stack traces (most recent first):
Classloader memory used:
Loader bootstrap                                                                       : 8489K
Loader org.gradle.internal.classloader.VisitableURLClassLoader                         : 231K
Loader java.net.URLClassLoader                                                         : 229K
Loader jdk.internal.loader.ClassLoaders$AppClassLoader                                 : 147K

Classes loaded by more than one classloader:
Class org.gradle.api.GradleException                                                  : loaded 2 times (x 80B)
Class org.gradle.api.Action                                                           : loaded 2 times (x 68B)

---------------  S Y S T E M  ---------------

OS:
 Windows 10 , 64 bit Build 19041 (10.0.19041.5915)
OS uptime: 21 days 15:23 hours
Hyper-V role detected

CPU: total 12 (initial active 12) (6 cores per cpu, 2 threads per core) family 6 model 154 stepping 4 microcode 0x424, cx8, cmov, fxsr, ht, mmx, 3dnowpref, sse, sse2, sse3, ssse3, sse4.1, sse4.2, popcnt, lzcnt, tsc, tscinvbit, avx, avx2, aes, erms, clmul, bmi1, bmi2, adx, sha, fma, vzeroupper, clflush, clflushopt, clwb, hv, rdtscp, rdpid, fsrm, f16c, cet_ibt, cet_ss
Processor Information for processor 0
  Max Mhz: 1300, Current Mhz: 1300, Mhz Limit: 1300
Processor Information for processor 1
  Max Mhz: 1300, Current Mhz: 1300, Mhz Limit: 1300
Processor Information for processor 2
  Max Mhz: 1300, Current Mhz: 1300, Mhz Limit: 1300
Processor Information for processor 3
  Max Mhz: 1300, Current Mhz: 1300, Mhz Limit: 1300
Processor Information for processor 4
  Max Mhz: 900, Current Mhz: 900, Mhz Limit: 900
Processor Information for processor 5
  Max Mhz: 900, Current Mhz: 900, Mhz Limit: 900
Processor Information for processor 6
  Max Mhz: 900, Current Mhz: 900, Mhz Limit: 900
Processor Information for processor 7
  Max Mhz: 900, Current Mhz: 900, Mhz Limit: 900
Processor Information for processor 8
  Max Mhz: 900, Current Mhz: 900, Mhz Limit: 900
Processor Information for processor 9
  Max Mhz: 900, Current Mhz: 900, Mhz Limit: 900
Processor Information for processor 10
  Max Mhz: 900, Current Mhz: 900, Mhz Limit: 900
Processor Information for processor 11
  Max Mhz: 900, Current Mhz: 900, Mhz Limit: 900

Memory: 4k page, system-wide physical 7916M (306M free)
TotalPageFile size 19161M (AvailPageFile size 1M)
current process WorkingSet (physical memory assigned to process): 79M, peak: 79M
current process commit charge ("private bytes"): 220M, peak: 221M

vm_info: OpenJDK 64-Bit Server VM (21.0.7+-13880790-b1038.58) for windows-amd64 JRE (21.0.7+-13880790-b1038.58), built on 2025-08-04T20:56:21Z by "builder" with MS VC++ 16.10 / 16.11 (VS2019)

END.
